[T 18:21:36 30325] CodeQL CLI version 2.19.3
[T 18:21:36 30325] Initializing tracer.
[T 18:21:36 30325] Initializing tags.
[T 18:21:36 30325] ID set to 0000000000007675_0000000000000001 (parent root)
[T 18:21:36 30325] Initializing tracer.
[T 18:21:36 30325] Initializing tags.
[T 18:21:36 30325] ID set to 0000000000007675_0000000000000002 (parent root)
[T 18:21:36 30325] Warning: SEMMLE_EXEC and SEMMLE_EXECP not set. Falling back to path lookup on argv[0].
[T 18:21:36 30325] ==== Candidate to intercept: /Users/hamzamajidqureshi/codeql/tools/osx64/runner-osx (canonical: /Users/hamzamajidqureshi/codeql/tools/osx64/runner-osx) ====
[T 18:21:36 30325] Lua: === Intercepted call to /users/hamzamajidqureshi/codeql/tools/osx64/runner-osx ===
[T 18:21:36 30325] Executing the following tracer actions:
[T 18:21:36 30325] Tracer actions:
[T 18:21:36 30325] pre_invocations(0)
[T 18:21:36 30325] post_invocations(0)
[T 18:21:36 30325] trace_languages(1): [java]
[T 18:21:36 30326] Attempting to switch stdout/stderr to 3...
/Users/hamzamajidqureshi/Desktop/jpamb/java-db/working/copy-root/000001F5/bin/sh.semmle.00007675.14978F88.slice.x86_64: replacing existing signature
[T 18:21:36 30325] Initializing tracer.
[T 18:21:36 30325] Initializing tags.
[T 18:21:36 30325] ID set to 0000000000007675_0000000000000003 (parent 0000000000007675_0000000000000002)
[T 18:21:36 30325] ==== Candidate to intercept: /Users/hamzamajidqureshi/apache-maven-3.9.9/bin/mvn (canonical: /Users/hamzamajidqureshi/apache-maven-3.9.9/bin/mvn) ====
[T 18:21:36 30325] Lua: === Intercepted call to /users/hamzamajidqureshi/apache-maven-3.9.9/bin/mvn ===
[T 18:21:36 30325] Executing the following tracer actions:
[T 18:21:36 30325] Tracer actions:
[T 18:21:36 30325] pre_invocations(0)
[T 18:21:36 30325] post_invocations(0)
[T 18:21:36 30325] trace_languages(1): [java]
[T 18:21:36 30332] Attempting to switch stdout/stderr to 3...
/Users/hamzamajidqureshi/Desktop/jpamb/java-db/working/copy-root/000001F5/bin/bash.semmle.00007675.2E39F048.slice.x86_64: replacing existing signature
[T 18:21:37 30325] Initializing tracer.
[T 18:21:37 30325] Initializing tags.
[T 18:21:37 30325] ID set to 0000000000007675_0000000000000004 (parent 0000000000007675_0000000000000003)
[T 18:21:37 30325] ==== Candidate to intercept: /bin/bash (canonical: /bin/bash) ====
[T 18:21:37 30325] Lua: === Intercepted call to /bin/bash ===
[T 18:21:37 30325] Executing the following tracer actions:
[T 18:21:37 30325] Tracer actions:
[T 18:21:37 30325] pre_invocations(0)
[T 18:21:37 30325] post_invocations(0)
[T 18:21:37 30325] trace_languages(1): [java]
[T 18:21:37 30339] Attempting to switch stdout/stderr to 3...
/Users/hamzamajidqureshi/Desktop/jpamb/java-db/working/copy-root/000001F5/usr/bin/uname.semmle.00007682.0D8F09F0.slice.x86_64: replacing existing signature
[T 18:21:37 30338] Initializing tracer.
[T 18:21:37 30338] Initializing tags.
[T 18:21:37 30338] ID set to 0000000000007682_0000000000000001 (parent 0000000000007675_0000000000000004)
[T 18:21:37 30338] ==== Candidate to intercept: /usr/bin/uname (canonical: /usr/bin/uname) ====
[T 18:21:37 30338] Lua: === Intercepted call to /usr/bin/uname ===
[T 18:21:37 30338] Executing the following tracer actions:
[T 18:21:37 30338] Tracer actions:
[T 18:21:37 30338] pre_invocations(0)
[T 18:21:37 30338] post_invocations(0)
[T 18:21:37 30338] trace_languages(1): [java]
[T 18:21:37 30345] Attempting to switch stdout/stderr to 3...
/Users/hamzamajidqureshi/Desktop/jpamb/java-db/working/copy-root/000001F5/usr/bin/dirname.semmle.00007688.24900BE0.slice.x86_64: replacing existing signature
[T 18:21:37 30344] Initializing tracer.
[T 18:21:37 30344] Initializing tags.
[T 18:21:37 30344] ID set to 0000000000007688_0000000000000001 (parent 0000000000007675_0000000000000004)
[T 18:21:37 30344] ==== Candidate to intercept: /usr/bin/dirname (canonical: /usr/bin/dirname) ====
[T 18:21:37 30344] Lua: === Intercepted call to /usr/bin/dirname ===
[T 18:21:37 30344] Executing the following tracer actions:
[T 18:21:37 30344] Tracer actions:
[T 18:21:37 30344] pre_invocations(0)
[T 18:21:37 30344] post_invocations(0)
[T 18:21:37 30344] trace_languages(1): [java]
[T 18:21:38 30361] Attempting to switch stdout/stderr to 3...
/Applications/Xcode.app/Contents/Developer/Toolchains/XcodeDefault.xctoolchain/usr/bin/install_name_tool: warning: changes being made to the file will invalidate the code signature in: /Users/hamzamajidqureshi/Desktop/jpamb/java-db/working/copy-root/000001F5/Library/Java/JavaVirtualMachines/jdk-22.jdk/Contents/Home/bin/java.semmle.00007675.01893040.slice.arm64
/Applications/Xcode.app/Contents/Developer/Toolchains/XcodeDefault.xctoolchain/usr/bin/install_name_tool: warning: changes being made to the file will invalidate the code signature in: /Users/hamzamajidqureshi/Desktop/jpamb/java-db/working/copy-root/000001F5/Library/Java/JavaVirtualMachines/jdk-22.jdk/Contents/Home/bin/java.semmle.00007675.01893040.slice.arm64
/Users/hamzamajidqureshi/Desktop/jpamb/java-db/working/copy-root/000001F5/Library/Java/JavaVirtualMachines/jdk-22.jdk/Contents/Home/bin/java.semmle.00007675.01893040.slice.arm64: replacing existing signature
[T 18:21:38 30325] Initializing tracer.
[T 18:21:38 30325] Initializing tags.
[T 18:21:38 30325] ID set to 0000000000007675_0000000000000005 (parent 0000000000007675_0000000000000004)
[T 18:21:38 30325] ==== Candidate to intercept: /Library/Java/JavaVirtualMachines/jdk-22.jdk/Contents/Home/bin/java (canonical: /Library/Java/JavaVirtualMachines/jdk-22.jdk/Contents/Home/bin/java) ====
[T 18:21:38 30325] Lua: === Intercepted call to /library/java/javavirtualmachines/jdk-22.jdk/contents/home/bin/java ===
[T 18:21:38 30325] Executing the following tracer actions:
[T 18:21:38 30325] Tracer actions:
[T 18:21:38 30325] pre_invocations(0)
[T 18:21:38 30325] post_invocations(0)
[T 18:21:38 30325] trace_languages(1): [java]
[T 18:21:38 30325] Passing through -javaagent:/Users/hamzamajidqureshi/codeql/java/tools/codeql-java-agent.jar=ignore-project,java,kotlin to underlying JVM.
[T 18:21:38 30325] Passing through -Xbootclasspath/a:/Users/hamzamajidqureshi/codeql/java/tools/codeql-java-agent.jar to underlying JVM.
[T 18:21:38 30325] Intercepted JVM creation with extra hidden args: ['-javaagent:/Users/hamzamajidqureshi/codeql/java/tools/codeql-java-agent.jar=ignore-project,java,kotlin' '-Xbootclasspath/a:/Users/hamzamajidqureshi/codeql/java/tools/codeql-java-agent.jar' ] (result: 1, 0).
[T 18:21:39 30367] Attempting to switch stdout/stderr to 94...
/Users/hamzamajidqureshi/Desktop/jpamb/java-db/working/copy-root/000001F5/Library/Java/JavaVirtualMachines/jdk-22.jdk/Contents/Home/lib/jspawnhelper.semmle.00007675.2A315888.slice.arm64: replacing existing signature
[T 18:21:39 30370] Initializing tracer.
[T 18:21:39 30370] Initializing tags.
[T 18:21:39 30370] ID set to 00000000000076A2_0000000000000001 (parent 0000000000007675_0000000000000005)
[T 18:21:39 30370] ==== Candidate to intercept: /Library/Java/JavaVirtualMachines/jdk-22.jdk/Contents/Home/lib/jspawnhelper (canonical: /Library/Java/JavaVirtualMachines/jdk-22.jdk/Contents/Home/lib/jspawnhelper) ====
[T 18:21:39 30370] Lua: === Intercepted call to /library/java/javavirtualmachines/jdk-22.jdk/contents/home/lib/jspawnhelper ===
[T 18:21:39 30370] Executing the following tracer actions:
[T 18:21:39 30370] Tracer actions:
[T 18:21:39 30370] pre_invocations(0)
[T 18:21:39 30370] post_invocations(0)
[T 18:21:39 30370] trace_languages(1): [java]
[T 18:21:39 30370] Initializing tracer.
[T 18:21:39 30370] Initializing tags.
[T 18:21:39 30370] ID set to 00000000000076A2_0000000000000002 (parent 00000000000076A2_0000000000000001)
[T 18:21:39 30370] ==== Candidate to intercept: /Library/Java/JavaVirtualMachines/jdk-22.jdk/Contents/Home/bin/java (canonical: /Library/Java/JavaVirtualMachines/jdk-22.jdk/Contents/Home/bin/java) ====
[T 18:21:39 30370] Lua: === Intercepted call to /library/java/javavirtualmachines/jdk-22.jdk/contents/home/bin/java ===
[T 18:21:39 30370] Executing the following tracer actions:
[T 18:21:39 30370] Tracer actions:
[T 18:21:39 30370] pre_invocations(0)
[T 18:21:39 30370] post_invocations(0)
[T 18:21:39 30370] trace_languages(1): [java]
[T 18:21:39 30370] Passing through -javaagent:/Users/hamzamajidqureshi/codeql/java/tools/codeql-java-agent.jar=ignore-project,java,kotlin to underlying JVM.
[T 18:21:39 30370] Passing through -Xbootclasspath/a:/Users/hamzamajidqureshi/codeql/java/tools/codeql-java-agent.jar to underlying JVM.
[T 18:21:40 30370] Intercepted JVM creation with extra hidden args: ['-javaagent:/Users/hamzamajidqureshi/codeql/java/tools/codeql-java-agent.jar=ignore-project,java,kotlin' '-Xbootclasspath/a:/Users/hamzamajidqureshi/codeql/java/tools/codeql-java-agent.jar' ] (result: 1, 0).
