[2024-11-26 20:14:15] This is codeql execute queries -J-Xmx1800M --off-heap-ram=1615 --verbosity=progress --logdir=/Users/hamzamajidqureshi/Desktop/jpamb/java-db/log --evaluator-log-level=5 --warnings=show --dynamic-join-order-mode=none --qlconfig-file=/Users/hamzamajidqureshi/Desktop/jpamb/qlconfig.yml --no-rerun --interpret-passthrough=null,--format=dot,-o=/Users/hamzamajidqureshi/Desktop/jpamb/circular-dependencies.dot,--max-paths=4,--csv-location-format=line-column,--print-diagnostics-summary,--print-metrics-summary,--qlconfig-file=/Users/hamzamajidqureshi/Desktop/jpamb/qlconfig.yml,--,/Users/hamzamajidqureshi/Desktop/jpamb/java-db,/Users/hamzamajidqureshi/Desktop/jpamb/CircularDependencies.ql --output=/Users/hamzamajidqureshi/Desktop/jpamb/java-db/results -- /Users/hamzamajidqureshi/Desktop/jpamb/java-db/db-java /Users/hamzamajidqureshi/Desktop/jpamb/CircularDependencies.ql
[2024-11-26 20:14:15] Calling plumbing command: codeql resolve queries --qlconfig-file=/Users/hamzamajidqureshi/Desktop/jpamb/qlconfig.yml --format=json -- /Users/hamzamajidqureshi/Desktop/jpamb/CircularDependencies.ql
[2024-11-26 20:14:16] [PROGRESS] resolve queries> Recording pack reference (anonymous QL pack at /Users/hamzamajidqureshi/Desktop/jpamb/CircularDependencies.ql) at /Users/hamzamajidqureshi/Desktop/jpamb.
[2024-11-26 20:14:16] Plumbing command codeql resolve queries completed:
                      [
                        "/Users/hamzamajidqureshi/Desktop/jpamb/CircularDependencies.ql"
                      ]
[2024-11-26 20:14:16] Creating executor with 1 threads.
[2024-11-26 20:14:16] Calling plumbing command: codeql resolve extensions --qlconfig-file=/Users/hamzamajidqureshi/Desktop/jpamb/qlconfig.yml --include-extension-row-locations /Users/hamzamajidqureshi/Desktop/jpamb/CircularDependencies.ql
[2024-11-26 20:14:16] Calling plumbing command: codeql resolve queries --qlconfig-file=/Users/hamzamajidqureshi/Desktop/jpamb/qlconfig.yml --allow-library-packs --format startingpacks -- /Users/hamzamajidqureshi/Desktop/jpamb/CircularDependencies.ql
[2024-11-26 20:14:16] [PROGRESS] resolve queries> Recording pack reference (anonymous QL pack at /Users/hamzamajidqureshi/Desktop/jpamb/CircularDependencies.ql) at /Users/hamzamajidqureshi/Desktop/jpamb.
[2024-11-26 20:14:16] Plumbing command codeql resolve queries completed:
                      [
                        "/Users/hamzamajidqureshi/Desktop/jpamb"
                      ]
[2024-11-26 20:14:16] Calling plumbing command: codeql resolve extensions-by-pack --qlconfig-file=/Users/hamzamajidqureshi/Desktop/jpamb/qlconfig.yml --include-extension-row-locations -- /Users/hamzamajidqureshi/Desktop/jpamb
[2024-11-26 20:14:16] [SPAMMY] resolve extensions-by-pack> [INCOMPATIBILITY] <anonymous pack>: not 0.0.0 {root: <anonymous pack>@0.0.0}
[2024-11-26 20:14:16] [SPAMMY] resolve extensions-by-pack> [DERIVATION] <anonymous pack>: 0.0.0 {<anonymous pack>: not 0.0.0 {root: <anonymous pack>@0.0.0}}
[2024-11-26 20:14:16] [SPAMMY] resolve extensions-by-pack> [DECISION 1] <anonymous pack>: 0.0.0
[2024-11-26 20:14:16] Plumbing command codeql resolve extensions-by-pack completed:
                      {
                        "models" : [ ],
                        "data" : { },
                        "threatModels" : { },
                        "extensionPacks" : [ ]
                      }
[2024-11-26 20:14:16] Plumbing command codeql resolve extensions completed:
                      {
                        "models" : [ ],
                        "data" : { },
                        "threatModels" : { },
                        "extensionPacks" : [ ]
                      }
[2024-11-26 20:14:16] Calling plumbing command: codeql resolve library-path --qlconfig-file=/Users/hamzamajidqureshi/Desktop/jpamb/qlconfig.yml --query=/Users/hamzamajidqureshi/Desktop/jpamb/CircularDependencies.ql --format=json
[2024-11-26 20:14:16] [DETAILS] resolve library-path> Resolving query at normalized path /Users/hamzamajidqureshi/Desktop/jpamb/CircularDependencies.ql.
[2024-11-26 20:14:16] [DETAILS] resolve library-path> Found no pack; trying after symlink resolution with /Users/hamzamajidqureshi/Desktop/jpamb/CircularDependencies.ql.
[2024-11-26 20:14:16] [DETAILS] resolve library-path> Found enclosing pack 'jpamb' at /Users/hamzamajidqureshi/Desktop/jpamb.
[2024-11-26 20:14:16] [DETAILS] resolve library-path> Adding compilation cache at /Users/hamzamajidqureshi/.codeql/compile-cache.
[2024-11-26 20:14:16] [DETAILS] resolve library-path> Resolving library dependencies from /Users/hamzamajidqureshi/Desktop/jpamb/CircularDependencies.ql.
[2024-11-26 20:14:16] [SPAMMY] resolve library-path> [INCOMPATIBILITY] <anonymous pack>: not 0.0.0 {root: <anonymous pack>@0.0.0}
[2024-11-26 20:14:16] [SPAMMY] resolve library-path> [DERIVATION] <anonymous pack>: 0.0.0 {<anonymous pack>: not 0.0.0 {root: <anonymous pack>@0.0.0}}
[2024-11-26 20:14:16] [SPAMMY] resolve library-path> [DECISION 1] <anonymous pack>: 0.0.0
[2024-11-26 20:14:16] [DETAILS] resolve library-path> QL pack dependencies for /Users/hamzamajidqureshi/Desktop/jpamb resolved OK.
[2024-11-26 20:14:16] [DETAILS] resolve library-path> Found no dbscheme through dependencies.
[2024-11-26 20:14:16] Plumbing command codeql resolve library-path completed:
                      {
                        "libraryPath" : [
                          "/Users/hamzamajidqureshi/Desktop/jpamb"
                        ],
                        "compilationCache" : [
                          "/Users/hamzamajidqureshi/.codeql/compile-cache"
                        ],
                        "relativeName" : "jpamb/CircularDependencies.ql",
                        "possibleAdvice" : "There should probably be a qlpack.yml file declaring dependencies in /Users/hamzamajidqureshi/Desktop/jpamb or an enclosing directory.",
                        "qlPackName" : "jpamb"
                      }
[2024-11-26 20:14:16] [PROGRESS] execute queries> Compiling query plan for /Users/hamzamajidqureshi/Desktop/jpamb/CircularDependencies.ql.
[2024-11-26 20:14:16] [DETAILS] execute queries> Resolving imports for /Users/hamzamajidqureshi/Desktop/jpamb/CircularDependencies.ql.
[2024-11-26 20:14:16] Resolved file set for /Users/hamzamajidqureshi/Desktop/jpamb/CircularDependencies.ql hashes to d66365c0dffd18284601557a07859278e938930a.
[2024-11-26 20:14:16] [DETAILS] execute queries> Checking QL for /Users/hamzamajidqureshi/Desktop/jpamb/CircularDependencies.ql.
[2024-11-26 20:14:16] Stale frontend caches are invalidated based on import graph reachability.
[2024-11-26 20:14:16] ExternalModuleBindingPass ...
[2024-11-26 20:14:16] ExternalModuleBindingPass time: 00:00.000
[2024-11-26 20:14:16] CollectInstantiationsPass ...
[2024-11-26 20:14:16] CollectInstantiationsPass time: 00:00.001
[2024-11-26 20:14:16] Ql checks ...
[2024-11-26 20:14:16] Ql checks time: 00:00.018
[2024-11-26 20:14:16] [ERROR] execute queries> ERROR: could not resolve module java (/Users/hamzamajidqureshi/Desktop/jpamb/CircularDependencies.ql:1,8-12)
[2024-11-26 20:14:16] [ERROR] execute queries> ERROR: could not resolve type Method (/Users/hamzamajidqureshi/Desktop/jpamb/CircularDependencies.ql:8,20-26)
[2024-11-26 20:14:16] [ERROR] execute queries> ERROR: could not resolve type Method (/Users/hamzamajidqureshi/Desktop/jpamb/CircularDependencies.ql:8,30-36)
[2024-11-26 20:14:16] [ERROR] execute queries> ERROR: could not resolve type Method (/Users/hamzamajidqureshi/Desktop/jpamb/CircularDependencies.ql:12,6-12)
[2024-11-26 20:14:16] [ERROR] execute queries> ERROR: could not resolve type Method (/Users/hamzamajidqureshi/Desktop/jpamb/CircularDependencies.ql:12,16-22)
[2024-11-26 20:14:16] Sequence stamp origin is -6112217539248322162
[2024-11-26 20:14:16] Pausing evaluation to close the cache at sequence stamp o+0
[2024-11-26 20:14:16] The disk cache is freshly trimmed; leave it be.
[2024-11-26 20:14:16] Unpausing evaluation
[2024-11-26 20:14:16] This NaiveBuddyAllocator requested 0 eviction rounds.
[2024-11-26 20:14:16] Exiting with code 2
