[2024-11-26 19:21:40] [javac-extractor-30370] Starting extraction for:
                                              sun.java.command=com.semmle.extractor.java.JavaExtractor --jdk-version 22 --javac-args @@@/Users/hamzamajidqureshi/Desktop/jpamb/java-db/log/ext/javac.args
                                              user.dir=/Users/hamzamajidqureshi/Desktop/jpamb
[2024-11-26 19:21:40] [javac-extractor-30370] Compilation name /Users/hamzamajidqureshi/Desktop/jpamb/java-db/trap/java/diagnostics/diagnostic.trap.gz
[2024-11-26 19:21:40] [javac-extractor-30370] [WARN] Appending source destination directory /Users/hamzamajidqureshi/Desktop/jpamb/target/generated-sources/annotations to sourcepath
[2024-11-26 19:21:40] [javac-extractor-30370] Annotation processor class 'lombok.launch.AnnotationProcessorHider$AnnotationProcessor' initialized.
[2024-11-26 19:21:40] [javac-extractor-30370] Annotation processor class 'lombok.launch.AnnotationProcessorHider$ClaimingProcessor' initialized.
[2024-11-26 19:21:40] [javac-extractor-30370] Processing file /Users/hamzamajidqureshi/Desktop/jpamb/src/main/java/jpamb/utils/Tag.java
[2024-11-26 19:21:42] [javac-extractor-30370] Processing module java.base
[2024-11-26 19:21:42] [javac-extractor-30370] Processing file /Users/hamzamajidqureshi/Desktop/jpamb/src/main/java/jpamb/cases/Tricky.java
[2024-11-26 19:21:42] [javac-extractor-30370] [WARN] Not rewriting trap file for /Users/hamzamajidqureshi/Desktop/jpamb/java-db/trap/java/classes/jpamb/utils/Tag$TagType.members/Tag$TagType.members#0.0-1730793036000-java.trap.gz as it exists
[2024-11-26 19:21:42] [javac-extractor-30370] [WARN] Not rewriting trap file for /Users/hamzamajidqureshi/Desktop/jpamb/java-db/trap/java/classes/java/lang/Object.members/Object.members#66.0-1717521438000-java.trap.gz as it exists
[2024-11-26 19:21:42] [javac-extractor-30370] [WARN] Not rewriting trap file for /Users/hamzamajidqureshi/Desktop/jpamb/java-db/trap/java/classes/jpamb/utils/Tag.members/Tag.members#0.0-1730793036000-java.trap.gz as it exists
[2024-11-26 19:21:42] [javac-extractor-30370] [WARN] Not rewriting trap file for /Users/hamzamajidqureshi/Desktop/jpamb/java-db/trap/java/classes/java/lang/Cloneable.members/Cloneable.members#66.0-1717521438000-java.trap.gz as it exists
[2024-11-26 19:21:42] [javac-extractor-30370] [WARN] Not rewriting trap file for /Users/hamzamajidqureshi/Desktop/jpamb/java-db/trap/java/classes/java/io/Serializable.members/Serializable.members#66.0-1717521438000-java.trap.gz as it exists
[2024-11-26 19:21:42] [javac-extractor-30370] [WARN] Not rewriting trap file for /Users/hamzamajidqureshi/Desktop/jpamb/java-db/trap/java/classes/java/lang/String.members/String.members#66.0-1717521438000-java.trap.gz as it exists
[2024-11-26 19:21:42] [javac-extractor-30370] [WARN] Not rewriting trap file for /Users/hamzamajidqureshi/Desktop/jpamb/java-db/trap/java/classes/java/lang/annotation/Annotation.members/Annotation.members#66.0-1717521438000-java.trap.gz as it exists
[2024-11-26 19:21:42] [javac-extractor-30370] [WARN] Not rewriting trap file for /Users/hamzamajidqureshi/Desktop/jpamb/java-db/trap/java/classes/java/lang/annotation/Retention.members/Retention.members#66.0-1717521438000-java.trap.gz as it exists
[2024-11-26 19:21:42] [javac-extractor-30370] [WARN] Not rewriting trap file for /Users/hamzamajidqureshi/Desktop/jpamb/java-db/trap/java/classes/java/lang/annotation/RetentionPolicy.members/RetentionPolicy.members#66.0-1717521438000-java.trap.gz as it exists
[2024-11-26 19:21:42] [javac-extractor-30370] [WARN] Not rewriting trap file for /Users/hamzamajidqureshi/Desktop/jpamb/java-db/trap/java/classes/java/lang/annotation/Target.members/Target.members#66.0-1717521438000-java.trap.gz as it exists
[2024-11-26 19:21:42] [javac-extractor-30370] [WARN] Not rewriting trap file for /Users/hamzamajidqureshi/Desktop/jpamb/java-db/trap/java/classes/java/lang/annotation/ElementType.members/ElementType.members#66.0-1717521438000-java.trap.gz as it exists
[2024-11-26 19:21:42] [javac-extractor-30370] [WARN] Not rewriting trap file for /Users/hamzamajidqureshi/Desktop/jpamb/java-db/trap/java/classes/java/lang/Class.members/Class.members#66.0-1717521438000-java.trap.gz as it exists
[2024-11-26 19:21:42] [javac-extractor-30370] [WARN] Not rewriting trap file for /Users/hamzamajidqureshi/Desktop/jpamb/java-db/trap/java/classes/java/lang/reflect/GenericDeclaration.members/GenericDeclaration.members#66.0-1717521438000-java.trap.gz as it exists
[2024-11-26 19:21:42] [javac-extractor-30370] [WARN] Not rewriting trap file for /Users/hamzamajidqureshi/Desktop/jpamb/java-db/trap/java/classes/java/lang/reflect/Type.members/Type.members#66.0-1717521438000-java.trap.gz as it exists
[2024-11-26 19:21:42] [javac-extractor-30370] [WARN] Not rewriting trap file for /Users/hamzamajidqureshi/Desktop/jpamb/java-db/trap/java/classes/java/lang/reflect/AnnotatedElement.members/AnnotatedElement.members#66.0-1717521438000-java.trap.gz as it exists
[2024-11-26 19:21:42] [javac-extractor-30370] [WARN] Not rewriting trap file for /Users/hamzamajidqureshi/Desktop/jpamb/java-db/trap/java/classes/java/lang/invoke/TypeDescriptor$OfField.members/TypeDescriptor$OfField.members#66.0-1717521438000-java.trap.gz as it exists
[2024-11-26 19:21:42] [javac-extractor-30370] [WARN] Not rewriting trap file for /Users/hamzamajidqureshi/Desktop/jpamb/java-db/trap/java/classes/java/lang/invoke/TypeDescriptor.members/TypeDescriptor.members#66.0-1717521438000-java.trap.gz as it exists
[2024-11-26 19:21:42] [javac-extractor-30370] [WARN] Not rewriting trap file for /Users/hamzamajidqureshi/Desktop/jpamb/java-db/trap/java/classes/java/lang/constant/Constable.members/Constable.members#66.0-1717521438000-java.trap.gz as it exists
[2024-11-26 19:21:42] [javac-extractor-30370] [WARN] Not rewriting trap file for /Users/hamzamajidqureshi/Desktop/jpamb/java-db/trap/java/classes/java/lang/annotation/Documented.members/Documented.members#66.0-1717521438000-java.trap.gz as it exists
[2024-11-26 19:21:42] [javac-extractor-30370] Processing file /Users/hamzamajidqureshi/Desktop/jpamb/src/main/java/jpamb/cases/Simple.java
[2024-11-26 19:21:42] [javac-extractor-30370] [WARN] Not rewriting trap file for /Users/hamzamajidqureshi/Desktop/jpamb/java-db/trap/java/classes/jpamb/utils/Case.members/Case.members#0.0-1730793036000-java.trap.gz as it exists
[2024-11-26 19:21:42] [javac-extractor-30370] [WARN] Not rewriting trap file for /Users/hamzamajidqureshi/Desktop/jpamb/java-db/trap/java/classes/java/lang/Object.members/Object.members#66.0-1717521438000-java.trap.gz as it exists
[2024-11-26 19:21:42] [javac-extractor-30370] [WARN] Not rewriting trap file for /Users/hamzamajidqureshi/Desktop/jpamb/java-db/trap/java/classes/java/lang/String.members/String.members#66.0-1717521438000-java.trap.gz as it exists
[2024-11-26 19:21:42] [javac-extractor-30370] [WARN] Not rewriting trap file for /Users/hamzamajidqureshi/Desktop/jpamb/java-db/trap/java/classes/jpamb/utils/Cases.members/Cases.members#0.0-1730793036000-java.trap.gz as it exists
[2024-11-26 19:21:42] [javac-extractor-30370] [WARN] Not rewriting trap file for /Users/hamzamajidqureshi/Desktop/jpamb/java-db/trap/java/classes/java/lang/Cloneable.members/Cloneable.members#66.0-1717521438000-java.trap.gz as it exists
[2024-11-26 19:21:42] [javac-extractor-30370] [WARN] Not rewriting trap file for /Users/hamzamajidqureshi/Desktop/jpamb/java-db/trap/java/classes/java/io/Serializable.members/Serializable.members#66.0-1717521438000-java.trap.gz as it exists
[2024-11-26 19:21:42] [javac-extractor-30370] Processing file /Users/hamzamajidqureshi/Desktop/jpamb/src/main/java/jpamb/utils/CaseContent.java
[2024-11-26 19:21:42] [javac-extractor-30370] [WARN] Not rewriting trap file for /Users/hamzamajidqureshi/Desktop/jpamb/java-db/trap/java/classes/java/util/List.members/List.members#66.0-1717521438000-java.trap.gz as it exists
[2024-11-26 19:21:42] [javac-extractor-30370] [WARN] Not rewriting trap file for /Users/hamzamajidqureshi/Desktop/jpamb/java-db/trap/java/classes/java/util/concurrent/TimeoutException.members/TimeoutException.members#66.0-1717521438000-java.trap.gz as it exists
[2024-11-26 19:21:42] [javac-extractor-30370] [WARN] Not rewriting trap file for /Users/hamzamajidqureshi/Desktop/jpamb/java-db/trap/java/classes/java/lang/Object.members/Object.members#66.0-1717521438000-java.trap.gz as it exists
[2024-11-26 19:21:42] [javac-extractor-30370] [WARN] Not rewriting trap file for /Users/hamzamajidqureshi/Desktop/jpamb/java-db/trap/java/classes/java/lang/Cloneable.members/Cloneable.members#66.0-1717521438000-java.trap.gz as it exists
[2024-11-26 19:21:42] [javac-extractor-30370] [WARN] Not rewriting trap file for /Users/hamzamajidqureshi/Desktop/jpamb/java-db/trap/java/classes/java/io/Serializable.members/Serializable.members#66.0-1717521438000-java.trap.gz as it exists
[2024-11-26 19:21:42] [javac-extractor-30370] [WARN] Not rewriting trap file for /Users/hamzamajidqureshi/Desktop/jpamb/java-db/trap/java/classes/java/lang/Record.members/Record.members#66.0-1717521438000-java.trap.gz as it exists
[2024-11-26 19:21:42] [javac-extractor-30370] [WARN] Not rewriting trap file for /Users/hamzamajidqureshi/Desktop/jpamb/java-db/trap/java/classes/java/lang/String.members/String.members#66.0-1717521438000-java.trap.gz as it exists
[2024-11-26 19:21:42] [javac-extractor-30370] [WARN] Not rewriting trap file for /Users/hamzamajidqureshi/Desktop/jpamb/java-db/trap/java/classes/java/util/SequencedCollection.members/SequencedCollection.members#66.0-1717521438000-java.trap.gz as it exists
[2024-11-26 19:21:42] [javac-extractor-30370] [WARN] Not rewriting trap file for /Users/hamzamajidqureshi/Desktop/jpamb/java-db/trap/java/classes/java/util/Collection.members/Collection.members#66.0-1717521438000-java.trap.gz as it exists
[2024-11-26 19:21:42] [javac-extractor-30370] [WARN] Not rewriting trap file for /Users/hamzamajidqureshi/Desktop/jpamb/java-db/trap/java/classes/java/lang/Iterable.members/Iterable.members#66.0-1717521438000-java.trap.gz as it exists
[2024-11-26 19:21:42] [javac-extractor-30370] [WARN] Not rewriting trap file for /Users/hamzamajidqureshi/Desktop/jpamb/java-db/trap/java/classes/java/util/stream/Stream.members/Stream.members#66.0-1717521438000-java.trap.gz as it exists
[2024-11-26 19:21:42] [javac-extractor-30370] [WARN] Not rewriting trap file for /Users/hamzamajidqureshi/Desktop/jpamb/java-db/trap/java/classes/java/util/stream/BaseStream.members/BaseStream.members#66.0-1717521438000-java.trap.gz as it exists
[2024-11-26 19:21:42] [javac-extractor-30370] [WARN] Not rewriting trap file for /Users/hamzamajidqureshi/Desktop/jpamb/java-db/trap/java/classes/java/lang/AutoCloseable.members/AutoCloseable.members#66.0-1717521438000-java.trap.gz as it exists
[2024-11-26 19:21:42] [javac-extractor-30370] [WARN] Not rewriting trap file for /Users/hamzamajidqureshi/Desktop/jpamb/java-db/trap/java/classes/java/lang/Runnable.members/Runnable.members#66.0-1717521438000-java.trap.gz as it exists
[2024-11-26 19:21:42] [javac-extractor-30370] [WARN] Not rewriting trap file for /Users/hamzamajidqureshi/Desktop/jpamb/java-db/trap/java/classes/java/util/Spliterator.members/Spliterator.members#66.0-1717521438000-java.trap.gz as it exists
[2024-11-26 19:21:42] [javac-extractor-30370] [WARN] Not rewriting trap file for /Users/hamzamajidqureshi/Desktop/jpamb/java-db/trap/java/classes/java/util/Iterator.members/Iterator.members#66.0-1717521438000-java.trap.gz as it exists
[2024-11-26 19:21:42] [javac-extractor-30370] [WARN] Not rewriting trap file for /Users/hamzamajidqureshi/Desktop/jpamb/java-db/trap/java/classes/java/util/function/Supplier.members/Supplier.members#66.0-1717521438000-java.trap.gz as it exists
[2024-11-26 19:21:42] [javac-extractor-30370] [WARN] Not rewriting trap file for /Users/hamzamajidqureshi/Desktop/jpamb/java-db/trap/java/classes/java/lang/FunctionalInterface.members/FunctionalInterface.members#66.0-1717521438000-java.trap.gz as it exists
[2024-11-26 19:21:42] [javac-extractor-30370] [WARN] Not rewriting trap file for /Users/hamzamajidqureshi/Desktop/jpamb/java-db/trap/java/classes/java/util/function/Predicate.members/Predicate.members#66.0-1717521438000-java.trap.gz as it exists
[2024-11-26 19:21:42] [javac-extractor-30370] [WARN] Not rewriting trap file for /Users/hamzamajidqureshi/Desktop/jpamb/java-db/trap/java/classes/java/util/function/UnaryOperator.members/UnaryOperator.members#66.0-1717521438000-java.trap.gz as it exists
[2024-11-26 19:21:42] [javac-extractor-30370] [WARN] Not rewriting trap file for /Users/hamzamajidqureshi/Desktop/jpamb/java-db/trap/java/classes/java/util/function/Function.members/Function.members#66.0-1717521438000-java.trap.gz as it exists
[2024-11-26 19:21:42] [javac-extractor-30370] [WARN] Not rewriting trap file for /Users/hamzamajidqureshi/Desktop/jpamb/java-db/trap/java/classes/java/util/stream/Stream$Builder.members/Stream$Builder.members#66.0-1717521438000-java.trap.gz as it exists
[2024-11-26 19:21:42] [javac-extractor-30370] [WARN] Not rewriting trap file for /Users/hamzamajidqureshi/Desktop/jpamb/java-db/trap/java/classes/java/util/function/Consumer.members/Consumer.members#66.0-1717521438000-java.trap.gz as it exists
[2024-11-26 19:21:42] [javac-extractor-30370] [WARN] Not rewriting trap file for /Users/hamzamajidqureshi/Desktop/jpamb/java-db/trap/java/classes/java/util/Optional.members/Optional.members#66.0-1717521438000-java.trap.gz as it exists
[2024-11-26 19:21:42] [javac-extractor-30370] [WARN] Not rewriting trap file for /Users/hamzamajidqureshi/Desktop/jpamb/java-db/trap/java/classes/jdk/internal/ValueBased.members/ValueBased.members#66.0-1717521438000-java.trap.gz as it exists
[2024-11-26 19:21:42] [javac-extractor-30370] [WARN] Not rewriting trap file for /Users/hamzamajidqureshi/Desktop/jpamb/java-db/trap/java/classes/java/util/Comparator.members/Comparator.members#66.0-1717521438000-java.trap.gz as it exists
[2024-11-26 19:21:42] [javac-extractor-30370] [WARN] Not rewriting trap file for /Users/hamzamajidqureshi/Desktop/jpamb/java-db/trap/java/classes/java/util/stream/Collector.members/Collector.members#66.0-1717521438000-java.trap.gz as it exists
[2024-11-26 19:21:42] [javac-extractor-30370] [WARN] Not rewriting trap file for /Users/hamzamajidqureshi/Desktop/jpamb/java-db/trap/java/classes/java/util/function/BiConsumer.members/BiConsumer.members#66.0-1717521438000-java.trap.gz as it exists
[2024-11-26 19:21:42] [javac-extractor-30370] [WARN] Not rewriting trap file for /Users/hamzamajidqureshi/Desktop/jpamb/java-db/trap/java/classes/java/util/stream/Gatherer.members/Gatherer.members#66.0-1717521438000-java.trap.gz as it exists
[2024-11-26 19:21:42] [javac-extractor-30370] [WARN] Not rewriting trap file for /Users/hamzamajidqureshi/Desktop/jpamb/java-db/trap/java/classes/jdk/internal/javac/PreviewFeature.members/PreviewFeature.members#66.0-1717521438000-java.trap.gz as it exists
[2024-11-26 19:21:42] [javac-extractor-30370] [WARN] Not rewriting trap file for /Users/hamzamajidqureshi/Desktop/jpamb/java-db/trap/java/classes/jdk/internal/javac/PreviewFeature$Feature.members/PreviewFeature$Feature.members#66.0-1717521438000-java.trap.gz as it exists
[2024-11-26 19:21:42] [javac-extractor-30370] [WARN] Not rewriting trap file for /Users/hamzamajidqureshi/Desktop/jpamb/java-db/trap/java/classes/java/util/function/BiFunction.members/BiFunction.members#66.0-1717521438000-java.trap.gz as it exists
[2024-11-26 19:21:42] [javac-extractor-30370] [WARN] Not rewriting trap file for /Users/hamzamajidqureshi/Desktop/jpamb/java-db/trap/java/classes/java/util/function/BinaryOperator.members/BinaryOperator.members#66.0-1717521438000-java.trap.gz as it exists
[2024-11-26 19:21:42] [javac-extractor-30370] [WARN] Not rewriting trap file for /Users/hamzamajidqureshi/Desktop/jpamb/java-db/trap/java/classes/java/util/function/IntFunction.members/IntFunction.members#66.0-1717521438000-java.trap.gz as it exists
[2024-11-26 19:21:42] [javac-extractor-30370] [WARN] Not rewriting trap file for /Users/hamzamajidqureshi/Desktop/jpamb/java-db/trap/java/classes/java/util/function/DoubleConsumer.members/DoubleConsumer.members#66.0-1717521438000-java.trap.gz as it exists
[2024-11-26 19:21:42] [javac-extractor-30370] [WARN] Not rewriting trap file for /Users/hamzamajidqureshi/Desktop/jpamb/java-db/trap/java/classes/java/util/stream/DoubleStream.members/DoubleStream.members#66.0-1717521438000-java.trap.gz as it exists
[2024-11-26 19:21:42] [javac-extractor-30370] [WARN] Not rewriting trap file for /Users/hamzamajidqureshi/Desktop/jpamb/java-db/trap/java/classes/java/util/function/LongConsumer.members/LongConsumer.members#66.0-1717521438000-java.trap.gz as it exists
[2024-11-26 19:21:42] [javac-extractor-30370] [WARN] Not rewriting trap file for /Users/hamzamajidqureshi/Desktop/jpamb/java-db/trap/java/classes/java/util/stream/LongStream.members/LongStream.members#66.0-1717521438000-java.trap.gz as it exists
[2024-11-26 19:21:42] [javac-extractor-30370] [WARN] Not rewriting trap file for /Users/hamzamajidqureshi/Desktop/jpamb/java-db/trap/java/classes/java/util/function/IntConsumer.members/IntConsumer.members#66.0-1717521438000-java.trap.gz as it exists
[2024-11-26 19:21:42] [javac-extractor-30370] [WARN] Not rewriting trap file for /Users/hamzamajidqureshi/Desktop/jpamb/java-db/trap/java/classes/java/util/stream/IntStream.members/IntStream.members#66.0-1717521438000-java.trap.gz as it exists
[2024-11-26 19:21:42] [javac-extractor-30370] [WARN] Not rewriting trap file for /Users/hamzamajidqureshi/Desktop/jpamb/java-db/trap/java/classes/java/util/function/ToDoubleFunction.members/ToDoubleFunction.members#66.0-1717521438000-java.trap.gz as it exists
[2024-11-26 19:21:42] [javac-extractor-30370] [WARN] Not rewriting trap file for /Users/hamzamajidqureshi/Desktop/jpamb/java-db/trap/java/classes/java/util/function/ToLongFunction.members/ToLongFunction.members#66.0-1717521438000-java.trap.gz as it exists
[2024-11-26 19:21:42] [javac-extractor-30370] [WARN] Not rewriting trap file for /Users/hamzamajidqureshi/Desktop/jpamb/java-db/trap/java/classes/java/util/function/ToIntFunction.members/ToIntFunction.members#66.0-1717521438000-java.trap.gz as it exists
[2024-11-26 19:21:42] [javac-extractor-30370] [WARN] Not rewriting trap file for /Users/hamzamajidqureshi/Desktop/jpamb/java-db/trap/java/classes/java/lang/CharSequence.members/CharSequence.members#66.0-1717521438000-java.trap.gz as it exists
[2024-11-26 19:21:42] [javac-extractor-30370] [WARN] Not rewriting trap file for /Users/hamzamajidqureshi/Desktop/jpamb/java-db/trap/java/classes/java/util/AbstractCollection.members/AbstractCollection.members#66.0-1717521438000-java.trap.gz as it exists
[2024-11-26 19:21:42] [javac-extractor-30370] [WARN] Not rewriting trap file for /Users/hamzamajidqureshi/Desktop/jpamb/java-db/trap/java/classes/java/util/ListIterator.members/ListIterator.members#66.0-1717521438000-java.trap.gz as it exists
[2024-11-26 19:21:42] [javac-extractor-30370] [WARN] Not rewriting trap file for /Users/hamzamajidqureshi/Desktop/jpamb/java-db/trap/java/classes/java/lang/RuntimeException.members/RuntimeException.members#66.0-1717521438000-java.trap.gz as it exists
[2024-11-26 19:21:42] [javac-extractor-30370] [WARN] Not rewriting trap file for /Users/hamzamajidqureshi/Desktop/jpamb/java-db/trap/java/classes/java/lang/Enum.members/Enum.members#66.0-1717521438000-java.trap.gz as it exists
[2024-11-26 19:21:42] [javac-extractor-30370] [WARN] Not rewriting trap file for /Users/hamzamajidqureshi/Desktop/jpamb/java-db/trap/java/classes/java/lang/Throwable.members/Throwable.members#66.0-1717521438000-java.trap.gz as it exists
[2024-11-26 19:21:42] [javac-extractor-30370] [WARN] Not rewriting trap file for /Users/hamzamajidqureshi/Desktop/jpamb/java-db/trap/java/classes/java/lang/Comparable.members/Comparable.members#66.0-1717521438000-java.trap.gz as it exists
[2024-11-26 19:21:42] [javac-extractor-30370] [WARN] Not rewriting trap file for /Users/hamzamajidqureshi/Desktop/jpamb/java-db/trap/java/classes/java/util/Spliterator$OfDouble.members/Spliterator$OfDouble.members#66.0-1717521438000-java.trap.gz as it exists
[2024-11-26 19:21:42] [javac-extractor-30370] [WARN] Not rewriting trap file for /Users/hamzamajidqureshi/Desktop/jpamb/java-db/trap/java/classes/java/util/Spliterator$OfLong.members/Spliterator$OfLong.members#66.0-1717521438000-java.trap.gz as it exists
[2024-11-26 19:21:42] [javac-extractor-30370] [WARN] Not rewriting trap file for /Users/hamzamajidqureshi/Desktop/jpamb/java-db/trap/java/classes/java/util/Spliterator$OfInt.members/Spliterator$OfInt.members#66.0-1717521438000-java.trap.gz as it exists
[2024-11-26 19:21:42] [javac-extractor-30370] [WARN] Not rewriting trap file for /Users/hamzamajidqureshi/Desktop/jpamb/java-db/trap/java/classes/java/util/function/IntToDoubleFunction.members/IntToDoubleFunction.members#66.0-1717521438000-java.trap.gz as it exists
[2024-11-26 19:21:42] [javac-extractor-30370] [WARN] Not rewriting trap file for /Users/hamzamajidqureshi/Desktop/jpamb/java-db/trap/java/classes/java/util/function/IntToLongFunction.members/IntToLongFunction.members#66.0-1717521438000-java.trap.gz as it exists
[2024-11-26 19:21:42] [javac-extractor-30370] [WARN] Not rewriting trap file for /Users/hamzamajidqureshi/Desktop/jpamb/java-db/trap/java/classes/java/util/function/IntUnaryOperator.members/IntUnaryOperator.members#66.0-1717521438000-java.trap.gz as it exists
[2024-11-26 19:21:42] [javac-extractor-30370] [WARN] Not rewriting trap file for /Users/hamzamajidqureshi/Desktop/jpamb/java-db/trap/java/classes/java/lang/SafeVarargs.members/SafeVarargs.members#66.0-1717521438000-java.trap.gz as it exists
[2024-11-26 19:21:42] [javac-extractor-30370] [WARN] Not rewriting trap file for /Users/hamzamajidqureshi/Desktop/jpamb/java-db/trap/java/classes/java/lang/Class.members/Class.members#66.0-1717521438000-java.trap.gz as it exists
[2024-11-26 19:21:42] [javac-extractor-30370] [WARN] Not rewriting trap file for /Users/hamzamajidqureshi/Desktop/jpamb/java-db/trap/java/classes/java/lang/reflect/GenericDeclaration.members/GenericDeclaration.members#66.0-1717521438000-java.trap.gz as it exists
[2024-11-26 19:21:42] [javac-extractor-30370] [WARN] Not rewriting trap file for /Users/hamzamajidqureshi/Desktop/jpamb/java-db/trap/java/classes/java/lang/reflect/Type.members/Type.members#66.0-1717521438000-java.trap.gz as it exists
[2024-11-26 19:21:42] [javac-extractor-30370] [WARN] Not rewriting trap file for /Users/hamzamajidqureshi/Desktop/jpamb/java-db/trap/java/classes/java/lang/reflect/AnnotatedElement.members/AnnotatedElement.members#66.0-1717521438000-java.trap.gz as it exists
[2024-11-26 19:21:42] [javac-extractor-30370] [WARN] Not rewriting trap file for /Users/hamzamajidqureshi/Desktop/jpamb/java-db/trap/java/classes/java/lang/invoke/TypeDescriptor$OfField.members/TypeDescriptor$OfField.members#66.0-1717521438000-java.trap.gz as it exists
[2024-11-26 19:21:42] [javac-extractor-30370] [WARN] Not rewriting trap file for /Users/hamzamajidqureshi/Desktop/jpamb/java-db/trap/java/classes/java/lang/invoke/TypeDescriptor.members/TypeDescriptor.members#66.0-1717521438000-java.trap.gz as it exists
[2024-11-26 19:21:42] [javac-extractor-30370] [WARN] Not rewriting trap file for /Users/hamzamajidqureshi/Desktop/jpamb/java-db/trap/java/classes/java/lang/constant/Constable.members/Constable.members#66.0-1717521438000-java.trap.gz as it exists
[2024-11-26 19:21:42] [javac-extractor-30370] [WARN] Not rewriting trap file for /Users/hamzamajidqureshi/Desktop/jpamb/java-db/trap/java/classes/jdk/internal/vm/annotation/IntrinsicCandidate.members/IntrinsicCandidate.members#66.0-1717521438000-java.trap.gz as it exists
[2024-11-26 19:21:42] [javac-extractor-30370] [WARN] Not rewriting trap file for /Users/hamzamajidqureshi/Desktop/jpamb/java-db/trap/java/classes/java/util/function/IntBinaryOperator.members/IntBinaryOperator.members#66.0-1717521438000-java.trap.gz as it exists
[2024-11-26 19:21:42] [javac-extractor-30370] [WARN] Not rewriting trap file for /Users/hamzamajidqureshi/Desktop/jpamb/java-db/trap/java/classes/java/util/function/DoubleBinaryOperator.members/DoubleBinaryOperator.members#66.0-1717521438000-java.trap.gz as it exists
[2024-11-26 19:21:42] [javac-extractor-30370] [WARN] Not rewriting trap file for /Users/hamzamajidqureshi/Desktop/jpamb/java-db/trap/java/classes/java/util/function/LongBinaryOperator.members/LongBinaryOperator.members#66.0-1717521438000-java.trap.gz as it exists
[2024-11-26 19:21:42] [javac-extractor-30370] [WARN] Not rewriting trap file for /Users/hamzamajidqureshi/Desktop/jpamb/java-db/trap/java/classes/java/util/Map.members/Map.members#66.0-1717521438000-java.trap.gz as it exists
[2024-11-26 19:21:42] [javac-extractor-30370] [WARN] Not rewriting trap file for /Users/hamzamajidqureshi/Desktop/jpamb/java-db/trap/java/classes/java/lang/Integer.members/Integer.members#66.0-1717521438000-java.trap.gz as it exists
[2024-11-26 19:21:42] [javac-extractor-30370] [WARN] Not rewriting trap file for /Users/hamzamajidqureshi/Desktop/jpamb/java-db/trap/java/classes/java/lang/StringBuilder.members/StringBuilder.members#66.0-1717521438000-java.trap.gz as it exists
[2024-11-26 19:21:42] [javac-extractor-30370] [WARN] Not rewriting trap file for /Users/hamzamajidqureshi/Desktop/jpamb/java-db/trap/java/classes/java/lang/StringBuffer.members/StringBuffer.members#66.0-1717521438000-java.trap.gz as it exists
[2024-11-26 19:21:42] [javac-extractor-30370] [WARN] Not rewriting trap file for /Users/hamzamajidqureshi/Desktop/jpamb/java-db/trap/java/classes/java/lang/Enum$EnumDesc.members/Enum$EnumDesc.members#66.0-1717521438000-java.trap.gz as it exists
[2024-11-26 19:21:42] [javac-extractor-30370] [WARN] Not rewriting trap file for /Users/hamzamajidqureshi/Desktop/jpamb/java-db/trap/java/classes/java/lang/constant/DynamicConstantDesc.members/DynamicConstantDesc.members#66.0-1717521438000-java.trap.gz as it exists
[2024-11-26 19:21:42] [javac-extractor-30370] [WARN] Not rewriting trap file for /Users/hamzamajidqureshi/Desktop/jpamb/java-db/trap/java/classes/java/lang/constant/ConstantDesc.members/ConstantDesc.members#66.0-1717521438000-java.trap.gz as it exists
[2024-11-26 19:21:42] [javac-extractor-30370] [WARN] Not rewriting trap file for /Users/hamzamajidqureshi/Desktop/jpamb/java-db/trap/java/classes/java/lang/CloneNotSupportedException.members/CloneNotSupportedException.members#66.0-1717521438000-java.trap.gz as it exists
[2024-11-26 19:21:42] [javac-extractor-30370] [WARN] Not rewriting trap file for /Users/hamzamajidqureshi/Desktop/jpamb/java-db/trap/java/classes/java/lang/Error.members/Error.members#66.0-1717521438000-java.trap.gz as it exists
[2024-11-26 19:21:42] [javac-extractor-30370] Processing file /Users/hamzamajidqureshi/Desktop/jpamb/src/main/java/jpamb/Runtime.java
[2024-11-26 19:21:42] [javac-extractor-30370] [WARN] Not rewriting trap file for /Users/hamzamajidqureshi/Desktop/jpamb/java-db/trap/java/classes/java/util/ArrayList.members/ArrayList.members#66.0-1717521438000-java.trap.gz as it exists
[2024-11-26 19:21:42] [javac-extractor-30370] [WARN] Not rewriting trap file for /Users/hamzamajidqureshi/Desktop/jpamb/java-db/trap/java/classes/java/util/Arrays.members/Arrays.members#66.0-1717521438000-java.trap.gz as it exists
[2024-11-26 19:21:42] [javac-extractor-30370] [WARN] Not rewriting trap file for /Users/hamzamajidqureshi/Desktop/jpamb/java-db/trap/java/classes/java/util/List.members/List.members#66.0-1717521438000-java.trap.gz as it exists
[2024-11-26 19:21:42] [javac-extractor-30370] [WARN] Not rewriting trap file for /Users/hamzamajidqureshi/Desktop/jpamb/java-db/trap/java/classes/java/util/stream/Stream.members/Stream.members#66.0-1717521438000-java.trap.gz as it exists
[2024-11-26 19:21:42] [javac-extractor-30370] [WARN] Not rewriting trap file for /Users/hamzamajidqureshi/Desktop/jpamb/java-db/trap/java/classes/jpamb/utils/CaseContent$ResultType.members/CaseContent$ResultType.members#0.0-1730793036000-java.trap.gz as it exists
[2024-11-26 19:21:42] [javac-extractor-30370] [WARN] Not rewriting trap file for /Users/hamzamajidqureshi/Desktop/jpamb/java-db/trap/java/classes/java/lang/Object.members/Object.members#66.0-1717521438000-java.trap.gz as it exists
[2024-11-26 19:21:42] [javac-extractor-30370] [WARN] Not rewriting trap file for /Users/hamzamajidqureshi/Desktop/jpamb/java-db/trap/java/classes/java/lang/Class.members/Class.members#66.0-1717521438000-java.trap.gz as it exists
[2024-11-26 19:21:42] [javac-extractor-30370] [WARN] Not rewriting trap file for /Users/hamzamajidqureshi/Desktop/jpamb/java-db/trap/java/classes/java/io/Serializable.members/Serializable.members#66.0-1717521438000-java.trap.gz as it exists
[2024-11-26 19:21:42] [javac-extractor-30370] [WARN] Not rewriting trap file for /Users/hamzamajidqureshi/Desktop/jpamb/java-db/trap/java/classes/java/lang/reflect/GenericDeclaration.members/GenericDeclaration.members#66.0-1717521438000-java.trap.gz as it exists
[2024-11-26 19:21:42] [javac-extractor-30370] [WARN] Not rewriting trap file for /Users/hamzamajidqureshi/Desktop/jpamb/java-db/trap/java/classes/java/lang/reflect/Type.members/Type.members#66.0-1717521438000-java.trap.gz as it exists
[2024-11-26 19:21:42] [javac-extractor-30370] [WARN] Not rewriting trap file for /Users/hamzamajidqureshi/Desktop/jpamb/java-db/trap/java/classes/java/lang/reflect/AnnotatedElement.members/AnnotatedElement.members#66.0-1717521438000-java.trap.gz as it exists
[2024-11-26 19:21:42] [javac-extractor-30370] [WARN] Not rewriting trap file for /Users/hamzamajidqureshi/Desktop/jpamb/java-db/trap/java/classes/java/lang/invoke/TypeDescriptor$OfField.members/TypeDescriptor$OfField.members#66.0-1717521438000-java.trap.gz as it exists
[2024-11-26 19:21:42] [javac-extractor-30370] [WARN] Not rewriting trap file for /Users/hamzamajidqureshi/Desktop/jpamb/java-db/trap/java/classes/java/lang/invoke/TypeDescriptor.members/TypeDescriptor.members#66.0-1717521438000-java.trap.gz as it exists
[2024-11-26 19:21:42] [javac-extractor-30370] [WARN] Not rewriting trap file for /Users/hamzamajidqureshi/Desktop/jpamb/java-db/trap/java/classes/java/lang/constant/Constable.members/Constable.members#66.0-1717521438000-java.trap.gz as it exists
[2024-11-26 19:21:42] [javac-extractor-30370] [WARN] Not rewriting trap file for /Users/hamzamajidqureshi/Desktop/jpamb/java-db/trap/java/classes/java/util/SequencedCollection.members/SequencedCollection.members#66.0-1717521438000-java.trap.gz as it exists
[2024-11-26 19:21:42] [javac-extractor-30370] [WARN] Not rewriting trap file for /Users/hamzamajidqureshi/Desktop/jpamb/java-db/trap/java/classes/java/util/Collection.members/Collection.members#66.0-1717521438000-java.trap.gz as it exists
[2024-11-26 19:21:42] [javac-extractor-30370] [WARN] Not rewriting trap file for /Users/hamzamajidqureshi/Desktop/jpamb/java-db/trap/java/classes/java/lang/Iterable.members/Iterable.members#66.0-1717521438000-java.trap.gz as it exists
[2024-11-26 19:21:42] [javac-extractor-30370] [WARN] Not rewriting trap file for /Users/hamzamajidqureshi/Desktop/jpamb/java-db/trap/java/classes/jpamb/cases/Simple.members/Simple.members#0.0-1730793036000-java.trap.gz as it exists
[2024-11-26 19:21:42] [javac-extractor-30370] [WARN] Not rewriting trap file for /Users/hamzamajidqureshi/Desktop/jpamb/java-db/trap/java/classes/jpamb/cases/Tricky.members/Tricky.members#0.0-1730793036000-java.trap.gz as it exists
[2024-11-26 19:21:42] [javac-extractor-30370] [WARN] Not rewriting trap file for /Users/hamzamajidqureshi/Desktop/jpamb/java-db/trap/java/classes/java/lang/reflect/Method.members/Method.members#66.0-1717521438000-java.trap.gz as it exists
[2024-11-26 19:21:42] [javac-extractor-30370] [WARN] Not rewriting trap file for /Users/hamzamajidqureshi/Desktop/jpamb/java-db/trap/java/classes/jpamb/utils/Case.members/Case.members#0.0-1730793036000-java.trap.gz as it exists
[2024-11-26 19:21:42] [javac-extractor-30370] [WARN] Not rewriting trap file for /Users/hamzamajidqureshi/Desktop/jpamb/java-db/trap/java/classes/java/lang/Cloneable.members/Cloneable.members#66.0-1717521438000-java.trap.gz as it exists
[2024-11-26 19:21:42] [javac-extractor-30370] [WARN] Not rewriting trap file for /Users/hamzamajidqureshi/Desktop/jpamb/java-db/trap/java/classes/jpamb/utils/Cases.members/Cases.members#0.0-1730793036000-java.trap.gz as it exists
[2024-11-26 19:21:42] [javac-extractor-30370] [WARN] Not rewriting trap file for /Users/hamzamajidqureshi/Desktop/jpamb/java-db/trap/java/classes/java/lang/annotation/Annotation.members/Annotation.members#66.0-1717521438000-java.trap.gz as it exists
[2024-11-26 19:21:42] [javac-extractor-30370] [WARN] Not rewriting trap file for /Users/hamzamajidqureshi/Desktop/jpamb/java-db/trap/java/classes/java/lang/StringBuilder.members/StringBuilder.members#66.0-1717521438000-java.trap.gz as it exists
[2024-11-26 19:21:42] [javac-extractor-30370] [WARN] Not rewriting trap file for /Users/hamzamajidqureshi/Desktop/jpamb/java-db/trap/java/classes/java/lang/RuntimeException.members/RuntimeException.members#66.0-1717521438000-java.trap.gz as it exists
[2024-11-26 19:21:42] [javac-extractor-30370] [WARN] Not rewriting trap file for /Users/hamzamajidqureshi/Desktop/jpamb/java-db/trap/java/classes/java/lang/Void.members/Void.members#66.0-1717521438000-java.trap.gz as it exists
[2024-11-26 19:21:42] [javac-extractor-30370] [WARN] Not rewriting trap file for /Users/hamzamajidqureshi/Desktop/jpamb/java-db/trap/java/classes/java/lang/String.members/String.members#66.0-1717521438000-java.trap.gz as it exists
[2024-11-26 19:21:42] [javac-extractor-30370] [WARN] Not rewriting trap file for /Users/hamzamajidqureshi/Desktop/jpamb/java-db/trap/java/classes/java/lang/Integer.members/Integer.members#66.0-1717521438000-java.trap.gz as it exists
[2024-11-26 19:21:42] [javac-extractor-30370] [WARN] Not rewriting trap file for /Users/hamzamajidqureshi/Desktop/jpamb/java-db/trap/java/classes/java/lang/Boolean.members/Boolean.members#66.0-1717521438000-java.trap.gz as it exists
[2024-11-26 19:21:42] [javac-extractor-30370] [WARN] Not rewriting trap file for /Users/hamzamajidqureshi/Desktop/jpamb/java-db/trap/java/classes/java/lang/Double.members/Double.members#66.0-1717521438000-java.trap.gz as it exists
[2024-11-26 19:21:42] [javac-extractor-30370] [WARN] Not rewriting trap file for /Users/hamzamajidqureshi/Desktop/jpamb/java-db/trap/java/classes/java/lang/Float.members/Float.members#66.0-1717521438000-java.trap.gz as it exists
[2024-11-26 19:21:42] [javac-extractor-30370] [WARN] Not rewriting trap file for /Users/hamzamajidqureshi/Desktop/jpamb/java-db/trap/java/classes/java/lang/Character.members/Character.members#66.0-1717521438000-java.trap.gz as it exists
[2024-11-26 19:21:42] [javac-extractor-30370] [WARN] Not rewriting trap file for /Users/hamzamajidqureshi/Desktop/jpamb/java-db/trap/java/classes/java/util/Optional.members/Optional.members#66.0-1717521438000-java.trap.gz as it exists
[2024-11-26 19:21:42] [javac-extractor-30370] [WARN] Not rewriting trap file for /Users/hamzamajidqureshi/Desktop/jpamb/java-db/trap/java/classes/jdk/internal/ValueBased.members/ValueBased.members#66.0-1717521438000-java.trap.gz as it exists
[2024-11-26 19:21:42] [javac-extractor-30370] [WARN] Not rewriting trap file for /Users/hamzamajidqureshi/Desktop/jpamb/java-db/trap/java/classes/java/lang/constant/ClassDesc.members/ClassDesc.members#66.0-1717521438000-java.trap.gz as it exists
[2024-11-26 19:21:42] [javac-extractor-30370] [WARN] Not rewriting trap file for /Users/hamzamajidqureshi/Desktop/jpamb/java-db/trap/java/classes/java/lang/reflect/AnnotatedType.members/AnnotatedType.members#66.0-1717521438000-java.trap.gz as it exists
[2024-11-26 19:21:42] [javac-extractor-30370] [WARN] Not rewriting trap file for /Users/hamzamajidqureshi/Desktop/jpamb/java-db/trap/java/classes/java/util/Map.members/Map.members#66.0-1717521438000-java.trap.gz as it exists
[2024-11-26 19:21:42] [javac-extractor-30370] [WARN] Not rewriting trap file for /Users/hamzamajidqureshi/Desktop/jpamb/java-db/trap/java/classes/sun/reflect/annotation/AnnotationType.members/AnnotationType.members#66.0-1717521438000-java.trap.gz as it exists
[2024-11-26 19:21:42] [javac-extractor-30370] [WARN] Not rewriting trap file for /Users/hamzamajidqureshi/Desktop/jpamb/java-db/trap/java/classes/jdk/internal/reflect/ConstantPool.members/ConstantPool.members#66.0-1717521438000-java.trap.gz as it exists
[2024-11-26 19:21:42] [javac-extractor-30370] [WARN] Not rewriting trap file for /Users/hamzamajidqureshi/Desktop/jpamb/java-db/trap/java/classes/java/lang/reflect/Executable.members/Executable.members#66.0-1717521438000-java.trap.gz as it exists
[2024-11-26 19:21:42] [javac-extractor-30370] [WARN] Not rewriting trap file for /Users/hamzamajidqureshi/Desktop/jpamb/java-db/trap/java/classes/java/security/ProtectionDomain.members/ProtectionDomain.members#66.0-1717521438000-java.trap.gz as it exists
[2024-11-26 19:21:42] [javac-extractor-30370] [WARN] Not rewriting trap file for /Users/hamzamajidqureshi/Desktop/jpamb/java-db/trap/java/classes/java/net/URL.members/URL.members#66.0-1717521438000-java.trap.gz as it exists
[2024-11-26 19:21:42] [javac-extractor-30370] [WARN] Not rewriting trap file for /Users/hamzamajidqureshi/Desktop/jpamb/java-db/trap/java/classes/java/io/InputStream.members/InputStream.members#66.0-1717521438000-java.trap.gz as it exists
[2024-11-26 19:21:42] [javac-extractor-30370] [WARN] Not rewriting trap file for /Users/hamzamajidqureshi/Desktop/jpamb/java-db/trap/java/classes/java/lang/reflect/Constructor.members/Constructor.members#66.0-1717521438000-java.trap.gz as it exists
[2024-11-26 19:21:42] [javac-extractor-30370] [WARN] Not rewriting trap file for /Users/hamzamajidqureshi/Desktop/jpamb/java-db/trap/java/classes/java/lang/NoSuchMethodException.members/NoSuchMethodException.members#66.0-1717521438000-java.trap.gz as it exists
[2024-11-26 19:21:42] [javac-extractor-30370] [WARN] Not rewriting trap file for /Users/hamzamajidqureshi/Desktop/jpamb/java-db/trap/java/classes/java/lang/SecurityException.members/SecurityException.members#66.0-1717521438000-java.trap.gz as it exists
[2024-11-26 19:21:42] [javac-extractor-30370] [WARN] Not rewriting trap file for /Users/hamzamajidqureshi/Desktop/jpamb/java-db/trap/java/classes/java/lang/reflect/Field.members/Field.members#66.0-1717521438000-java.trap.gz as it exists
[2024-11-26 19:21:42] [javac-extractor-30370] [WARN] Not rewriting trap file for /Users/hamzamajidqureshi/Desktop/jpamb/java-db/trap/java/classes/java/lang/NoSuchFieldException.members/NoSuchFieldException.members#66.0-1717521438000-java.trap.gz as it exists
[2024-11-26 19:21:42] [javac-extractor-30370] [WARN] Not rewriting trap file for /Users/hamzamajidqureshi/Desktop/jpamb/java-db/trap/java/classes/java/lang/reflect/RecordComponent.members/RecordComponent.members#66.0-1717521438000-java.trap.gz as it exists
[2024-11-26 19:21:42] [javac-extractor-30370] [WARN] Not rewriting trap file for /Users/hamzamajidqureshi/Desktop/jpamb/java-db/trap/java/classes/java/util/Set.members/Set.members#66.0-1717521438000-java.trap.gz as it exists
[2024-11-26 19:21:42] [javac-extractor-30370] [WARN] Not rewriting trap file for /Users/hamzamajidqureshi/Desktop/jpamb/java-db/trap/java/classes/java/lang/reflect/AccessFlag.members/AccessFlag.members#66.0-1717521438000-java.trap.gz as it exists
[2024-11-26 19:21:42] [javac-extractor-30370] [WARN] Not rewriting trap file for /Users/hamzamajidqureshi/Desktop/jpamb/java-db/trap/java/classes/java/lang/Package.members/Package.members#66.0-1717521438000-java.trap.gz as it exists
[2024-11-26 19:21:42] [javac-extractor-30370] [WARN] Not rewriting trap file for /Users/hamzamajidqureshi/Desktop/jpamb/java-db/trap/java/classes/java/lang/reflect/TypeVariable.members/TypeVariable.members#66.0-1717521438000-java.trap.gz as it exists
[2024-11-26 19:21:42] [javac-extractor-30370] [WARN] Not rewriting trap file for /Users/hamzamajidqureshi/Desktop/jpamb/java-db/trap/java/classes/java/lang/Module.members/Module.members#66.0-1717521438000-java.trap.gz as it exists
[2024-11-26 19:21:42] [javac-extractor-30370] [WARN] Not rewriting trap file for /Users/hamzamajidqureshi/Desktop/jpamb/java-db/trap/java/classes/java/lang/ClassLoader.members/ClassLoader.members#66.0-1717521438000-java.trap.gz as it exists
[2024-11-26 19:21:42] [javac-extractor-30370] [WARN] Not rewriting trap file for /Users/hamzamajidqureshi/Desktop/jpamb/java-db/trap/java/classes/java/lang/InstantiationException.members/InstantiationException.members#66.0-1717521438000-java.trap.gz as it exists
[2024-11-26 19:21:42] [javac-extractor-30370] [WARN] Not rewriting trap file for /Users/hamzamajidqureshi/Desktop/jpamb/java-db/trap/java/classes/java/lang/IllegalAccessException.members/IllegalAccessException.members#66.0-1717521438000-java.trap.gz as it exists
[2024-11-26 19:21:42] [javac-extractor-30370] [WARN] Not rewriting trap file for /Users/hamzamajidqureshi/Desktop/jpamb/java-db/trap/java/classes/java/lang/ClassNotFoundException.members/ClassNotFoundException.members#66.0-1717521438000-java.trap.gz as it exists
[2024-11-26 19:21:42] [javac-extractor-30370] [WARN] Not rewriting trap file for /Users/hamzamajidqureshi/Desktop/jpamb/java-db/trap/java/classes/java/lang/ClassValue$ClassValueMap.members/ClassValue$ClassValueMap.members#66.0-1717521438000-java.trap.gz as it exists
[2024-11-26 19:21:42] [javac-extractor-30370] [WARN] Not rewriting trap file for /Users/hamzamajidqureshi/Desktop/jpamb/java-db/trap/java/classes/java/util/AbstractList.members/AbstractList.members#66.0-1717521438000-java.trap.gz as it exists
[2024-11-26 19:21:42] [javac-extractor-30370] [WARN] Not rewriting trap file for /Users/hamzamajidqureshi/Desktop/jpamb/java-db/trap/java/classes/java/util/AbstractCollection.members/AbstractCollection.members#66.0-1717521438000-java.trap.gz as it exists
[2024-11-26 19:21:42] [javac-extractor-30370] [WARN] Not rewriting trap file for /Users/hamzamajidqureshi/Desktop/jpamb/java-db/trap/java/classes/java/util/RandomAccess.members/RandomAccess.members#66.0-1717521438000-java.trap.gz as it exists
[2024-11-26 19:21:42] [javac-extractor-30370] [WARN] Not rewriting trap file for /Users/hamzamajidqureshi/Desktop/jpamb/java-db/trap/java/classes/java/util/Spliterator.members/Spliterator.members#66.0-1717521438000-java.trap.gz as it exists
[2024-11-26 19:21:42] [javac-extractor-30370] [WARN] Not rewriting trap file for /Users/hamzamajidqureshi/Desktop/jpamb/java-db/trap/java/classes/java/util/function/Consumer.members/Consumer.members#66.0-1717521438000-java.trap.gz as it exists
[2024-11-26 19:21:42] [javac-extractor-30370] [WARN] Not rewriting trap file for /Users/hamzamajidqureshi/Desktop/jpamb/java-db/trap/java/classes/java/lang/FunctionalInterface.members/FunctionalInterface.members#66.0-1717521438000-java.trap.gz as it exists
[2024-11-26 19:21:42] [javac-extractor-30370] [WARN] Not rewriting trap file for /Users/hamzamajidqureshi/Desktop/jpamb/java-db/trap/java/classes/java/util/Iterator.members/Iterator.members#66.0-1717521438000-java.trap.gz as it exists
[2024-11-26 19:21:42] [javac-extractor-30370] [WARN] Not rewriting trap file for /Users/hamzamajidqureshi/Desktop/jpamb/java-db/trap/java/classes/java/util/stream/BaseStream.members/BaseStream.members#66.0-1717521438000-java.trap.gz as it exists
[2024-11-26 19:21:42] [javac-extractor-30370] [WARN] Not rewriting trap file for /Users/hamzamajidqureshi/Desktop/jpamb/java-db/trap/java/classes/java/lang/AutoCloseable.members/AutoCloseable.members#66.0-1717521438000-java.trap.gz as it exists
[2024-11-26 19:21:42] [javac-extractor-30370] [WARN] Not rewriting trap file for /Users/hamzamajidqureshi/Desktop/jpamb/java-db/trap/java/classes/java/util/function/Predicate.members/Predicate.members#66.0-1717521438000-java.trap.gz as it exists
[2024-11-26 19:21:42] [javac-extractor-30370] [WARN] Not rewriting trap file for /Users/hamzamajidqureshi/Desktop/jpamb/java-db/trap/java/classes/java/util/function/IntFunction.members/IntFunction.members#66.0-1717521438000-java.trap.gz as it exists
[2024-11-26 19:21:42] [javac-extractor-30370] [WARN] Not rewriting trap file for /Users/hamzamajidqureshi/Desktop/jpamb/java-db/trap/java/classes/java/util/ListIterator.members/ListIterator.members#66.0-1717521438000-java.trap.gz as it exists
[2024-11-26 19:21:42] [javac-extractor-30370] [WARN] Not rewriting trap file for /Users/hamzamajidqureshi/Desktop/jpamb/java-db/trap/java/classes/java/util/Comparator.members/Comparator.members#66.0-1717521438000-java.trap.gz as it exists
[2024-11-26 19:21:42] [javac-extractor-30370] [WARN] Not rewriting trap file for /Users/hamzamajidqureshi/Desktop/jpamb/java-db/trap/java/classes/java/util/function/UnaryOperator.members/UnaryOperator.members#66.0-1717521438000-java.trap.gz as it exists
[2024-11-26 19:21:42] [javac-extractor-30370] [WARN] Not rewriting trap file for /Users/hamzamajidqureshi/Desktop/jpamb/java-db/trap/java/classes/java/util/function/Function.members/Function.members#66.0-1717521438000-java.trap.gz as it exists
[2024-11-26 19:21:42] [javac-extractor-30370] [WARN] Not rewriting trap file for /Users/hamzamajidqureshi/Desktop/jpamb/java-db/trap/java/classes/java/util/regex/Pattern.members/Pattern.members#66.0-1717521438000-java.trap.gz as it exists
[2024-11-26 19:21:42] [javac-extractor-30370] [WARN] Not rewriting trap file for /Users/hamzamajidqureshi/Desktop/jpamb/java-db/trap/java/classes/java/util/regex/Matcher.members/Matcher.members#66.0-1717521438000-java.trap.gz as it exists
[2024-11-26 19:21:42] [javac-extractor-30370] [WARN] Not rewriting trap file for /Users/hamzamajidqureshi/Desktop/jpamb/java-db/trap/java/classes/java/lang/CharSequence.members/CharSequence.members#66.0-1717521438000-java.trap.gz as it exists
[2024-11-26 19:21:42] [javac-extractor-30370] [WARN] Not rewriting trap file for /Users/hamzamajidqureshi/Desktop/jpamb/java-db/trap/java/classes/java/lang/Runnable.members/Runnable.members#66.0-1717521438000-java.trap.gz as it exists
[2024-11-26 19:21:42] [javac-extractor-30370] [WARN] Not rewriting trap file for /Users/hamzamajidqureshi/Desktop/jpamb/java-db/trap/java/classes/java/util/function/Supplier.members/Supplier.members#66.0-1717521438000-java.trap.gz as it exists
[2024-11-26 19:21:42] [javac-extractor-30370] [WARN] Not rewriting trap file for /Users/hamzamajidqureshi/Desktop/jpamb/java-db/trap/java/classes/java/util/stream/Stream$Builder.members/Stream$Builder.members#66.0-1717521438000-java.trap.gz as it exists
[2024-11-26 19:21:42] [javac-extractor-30370] [WARN] Not rewriting trap file for /Users/hamzamajidqureshi/Desktop/jpamb/java-db/trap/java/classes/java/util/stream/Collector.members/Collector.members#66.0-1717521438000-java.trap.gz as it exists
[2024-11-26 19:21:42] [javac-extractor-30370] [WARN] Not rewriting trap file for /Users/hamzamajidqureshi/Desktop/jpamb/java-db/trap/java/classes/java/util/function/BiConsumer.members/BiConsumer.members#66.0-1717521438000-java.trap.gz as it exists
[2024-11-26 19:21:42] [javac-extractor-30370] [WARN] Not rewriting trap file for /Users/hamzamajidqureshi/Desktop/jpamb/java-db/trap/java/classes/java/util/stream/Gatherer.members/Gatherer.members#66.0-1717521438000-java.trap.gz as it exists
[2024-11-26 19:21:42] [javac-extractor-30370] [WARN] Not rewriting trap file for /Users/hamzamajidqureshi/Desktop/jpamb/java-db/trap/java/classes/jdk/internal/javac/PreviewFeature.members/PreviewFeature.members#66.0-1717521438000-java.trap.gz as it exists
[2024-11-26 19:21:42] [javac-extractor-30370] [WARN] Not rewriting trap file for /Users/hamzamajidqureshi/Desktop/jpamb/java-db/trap/java/classes/jdk/internal/javac/PreviewFeature$Feature.members/PreviewFeature$Feature.members#66.0-1717521438000-java.trap.gz as it exists
[2024-11-26 19:21:42] [javac-extractor-30370] [WARN] Not rewriting trap file for /Users/hamzamajidqureshi/Desktop/jpamb/java-db/trap/java/classes/java/util/function/BiFunction.members/BiFunction.members#66.0-1717521438000-java.trap.gz as it exists
[2024-11-26 19:21:42] [javac-extractor-30370] [WARN] Not rewriting trap file for /Users/hamzamajidqureshi/Desktop/jpamb/java-db/trap/java/classes/java/util/function/BinaryOperator.members/BinaryOperator.members#66.0-1717521438000-java.trap.gz as it exists
[2024-11-26 19:21:42] [javac-extractor-30370] [WARN] Not rewriting trap file for /Users/hamzamajidqureshi/Desktop/jpamb/java-db/trap/java/classes/java/util/function/DoubleConsumer.members/DoubleConsumer.members#66.0-1717521438000-java.trap.gz as it exists
[2024-11-26 19:21:42] [javac-extractor-30370] [WARN] Not rewriting trap file for /Users/hamzamajidqureshi/Desktop/jpamb/java-db/trap/java/classes/java/util/stream/DoubleStream.members/DoubleStream.members#66.0-1717521438000-java.trap.gz as it exists
[2024-11-26 19:21:42] [javac-extractor-30370] [WARN] Not rewriting trap file for /Users/hamzamajidqureshi/Desktop/jpamb/java-db/trap/java/classes/java/util/function/LongConsumer.members/LongConsumer.members#66.0-1717521438000-java.trap.gz as it exists
[2024-11-26 19:21:42] [javac-extractor-30370] [WARN] Not rewriting trap file for /Users/hamzamajidqureshi/Desktop/jpamb/java-db/trap/java/classes/java/util/stream/LongStream.members/LongStream.members#66.0-1717521438000-java.trap.gz as it exists
[2024-11-26 19:21:42] [javac-extractor-30370] [WARN] Not rewriting trap file for /Users/hamzamajidqureshi/Desktop/jpamb/java-db/trap/java/classes/java/util/function/IntConsumer.members/IntConsumer.members#66.0-1717521438000-java.trap.gz as it exists
[2024-11-26 19:21:42] [javac-extractor-30370] [WARN] Not rewriting trap file for /Users/hamzamajidqureshi/Desktop/jpamb/java-db/trap/java/classes/java/util/stream/IntStream.members/IntStream.members#66.0-1717521438000-java.trap.gz as it exists
[2024-11-26 19:21:42] [javac-extractor-30370] [WARN] Not rewriting trap file for /Users/hamzamajidqureshi/Desktop/jpamb/java-db/trap/java/classes/java/util/function/ToDoubleFunction.members/ToDoubleFunction.members#66.0-1717521438000-java.trap.gz as it exists
[2024-11-26 19:21:42] [javac-extractor-30370] [WARN] Not rewriting trap file for /Users/hamzamajidqureshi/Desktop/jpamb/java-db/trap/java/classes/java/util/function/ToLongFunction.members/ToLongFunction.members#66.0-1717521438000-java.trap.gz as it exists
[2024-11-26 19:21:42] [javac-extractor-30370] [WARN] Not rewriting trap file for /Users/hamzamajidqureshi/Desktop/jpamb/java-db/trap/java/classes/java/util/function/ToIntFunction.members/ToIntFunction.members#66.0-1717521438000-java.trap.gz as it exists
[2024-11-26 19:21:42] [javac-extractor-30370] [WARN] Not rewriting trap file for /Users/hamzamajidqureshi/Desktop/jpamb/java-db/trap/java/classes/jpamb/utils/CaseContent.members/CaseContent.members#0.0-1730793036000-java.trap.gz as it exists
[2024-11-26 19:21:42] [javac-extractor-30370] [WARN] Not rewriting trap file for /Users/hamzamajidqureshi/Desktop/jpamb/java-db/trap/java/classes/java/io/PrintStream.members/PrintStream.members#66.0-1717521438000-java.trap.gz as it exists
[2024-11-26 19:21:42] [javac-extractor-30370] [WARN] Not rewriting trap file for /Users/hamzamajidqureshi/Desktop/jpamb/java-db/trap/java/classes/jpamb/utils/InputParser.members/InputParser.members#0.0-1730793036000-java.trap.gz as it exists
[2024-11-26 19:21:42] [javac-extractor-30370] [WARN] Not rewriting trap file for /Users/hamzamajidqureshi/Desktop/jpamb/java-db/trap/java/classes/java/lang/reflect/InvocationTargetException.members/InvocationTargetException.members#66.0-1717521438000-java.trap.gz as it exists
[2024-11-26 19:21:42] [javac-extractor-30370] [WARN] Not rewriting trap file for /Users/hamzamajidqureshi/Desktop/jpamb/java-db/trap/java/classes/java/lang/Throwable.members/Throwable.members#66.0-1717521438000-java.trap.gz as it exists
[2024-11-26 19:21:42] [javac-extractor-30370] [WARN] Not rewriting trap file for /Users/hamzamajidqureshi/Desktop/jpamb/java-db/trap/java/classes/jpamb/utils/Tag.members/Tag.members#0.0-1730793036000-java.trap.gz as it exists
[2024-11-26 19:21:42] [javac-extractor-30370] [WARN] Not rewriting trap file for /Users/hamzamajidqureshi/Desktop/jpamb/java-db/trap/java/classes/jpamb/utils/Tag$TagType.members/Tag$TagType.members#0.0-1730793036000-java.trap.gz as it exists
[2024-11-26 19:21:42] [javac-extractor-30370] [WARN] Not rewriting trap file for /Users/hamzamajidqureshi/Desktop/jpamb/java-db/trap/java/classes/jdk/internal/reflect/CallerSensitive.members/CallerSensitive.members#66.0-1717521438000-java.trap.gz as it exists
[2024-11-26 19:21:42] [javac-extractor-30370] [WARN] Not rewriting trap file for /Users/hamzamajidqureshi/Desktop/jpamb/java-db/trap/java/classes/java/lang/Deprecated.members/Deprecated.members#66.0-1717521438000-java.trap.gz as it exists
[2024-11-26 19:21:42] [javac-extractor-30370] [WARN] Not rewriting trap file for /Users/hamzamajidqureshi/Desktop/jpamb/java-db/trap/java/classes/java/util/Properties.members/Properties.members#66.0-1717521438000-java.trap.gz as it exists
[2024-11-26 19:21:42] [javac-extractor-30370] [WARN] Not rewriting trap file for /Users/hamzamajidqureshi/Desktop/jpamb/java-db/trap/java/classes/jdk/internal/vm/annotation/IntrinsicCandidate.members/IntrinsicCandidate.members#66.0-1717521438000-java.trap.gz as it exists
[2024-11-26 19:21:42] [javac-extractor-30370] [WARN] Not rewriting trap file for /Users/hamzamajidqureshi/Desktop/jpamb/java-db/trap/java/classes/java/nio/channels/Channel.members/Channel.members#66.0-1717521438000-java.trap.gz as it exists
[2024-11-26 19:21:42] [javac-extractor-30370] [WARN] Not rewriting trap file for /Users/hamzamajidqureshi/Desktop/jpamb/java-db/trap/java/classes/java/io/IOException.members/IOException.members#66.0-1717521438000-java.trap.gz as it exists
[2024-11-26 19:21:42] [javac-extractor-30370] [WARN] Not rewriting trap file for /Users/hamzamajidqureshi/Desktop/jpamb/java-db/trap/java/classes/java/lang/ModuleLayer.members/ModuleLayer.members#66.0-1717521438000-java.trap.gz as it exists
[2024-11-26 19:21:42] [javac-extractor-30370] [WARN] Not rewriting trap file for /Users/hamzamajidqureshi/Desktop/jpamb/java-db/trap/java/classes/java/util/Enumeration.members/Enumeration.members#66.0-1717521438000-java.trap.gz as it exists
[2024-11-26 19:21:42] [javac-extractor-30370] [WARN] Not rewriting trap file for /Users/hamzamajidqureshi/Desktop/jpamb/java-db/trap/java/classes/java/util/Locale.members/Locale.members#66.0-1717521438000-java.trap.gz as it exists
[2024-11-26 19:21:42] [javac-extractor-30370] [WARN] Not rewriting trap file for /Users/hamzamajidqureshi/Desktop/jpamb/java-db/trap/java/classes/java/lang/ThreadGroup.members/ThreadGroup.members#66.0-1717521438000-java.trap.gz as it exists
[2024-11-26 19:21:42] [javac-extractor-30370] [WARN] Not rewriting trap file for /Users/hamzamajidqureshi/Desktop/jpamb/java-db/trap/java/classes/java/net/InetAddress.members/InetAddress.members#66.0-1717521438000-java.trap.gz as it exists
[2024-11-26 19:21:42] [javac-extractor-30370] [WARN] Not rewriting trap file for /Users/hamzamajidqureshi/Desktop/jpamb/java-db/trap/java/classes/java/io/FileDescriptor.members/FileDescriptor.members#66.0-1717521438000-java.trap.gz as it exists
[2024-11-26 19:21:42] [javac-extractor-30370] [WARN] Not rewriting trap file for /Users/hamzamajidqureshi/Desktop/jpamb/java-db/trap/java/classes/java/lang/Thread.members/Thread.members#66.0-1717521438000-java.trap.gz as it exists
[2024-11-26 19:21:42] [javac-extractor-30370] [WARN] Not rewriting trap file for /Users/hamzamajidqureshi/Desktop/jpamb/java-db/trap/java/classes/java/security/Permission.members/Permission.members#66.0-1717521438000-java.trap.gz as it exists
[2024-11-26 19:21:42] [javac-extractor-30370] [WARN] Not rewriting trap file for /Users/hamzamajidqureshi/Desktop/jpamb/java-db/trap/java/classes/java/io/Flushable.members/Flushable.members#66.0-1717521438000-java.trap.gz as it exists
[2024-11-26 19:21:42] [javac-extractor-30370] [WARN] Not rewriting trap file for /Users/hamzamajidqureshi/Desktop/jpamb/java-db/trap/java/classes/java/nio/charset/Charset.members/Charset.members#66.0-1717521438000-java.trap.gz as it exists
[2024-11-26 19:21:42] [javac-extractor-30370] [WARN] Not rewriting trap file for /Users/hamzamajidqureshi/Desktop/jpamb/java-db/trap/java/classes/java/io/Reader.members/Reader.members#66.0-1717521438000-java.trap.gz as it exists
[2024-11-26 19:21:42] [javac-extractor-30370] [WARN] Not rewriting trap file for /Users/hamzamajidqureshi/Desktop/jpamb/java-db/trap/java/classes/java/io/PrintWriter.members/PrintWriter.members#66.0-1717521438000-java.trap.gz as it exists
[2024-11-26 19:21:42] [javac-extractor-30370] [WARN] Not rewriting trap file for /Users/hamzamajidqureshi/Desktop/jpamb/java-db/trap/java/classes/java/lang/Enum.members/Enum.members#66.0-1717521438000-java.trap.gz as it exists
[2024-11-26 19:21:42] [javac-extractor-30370] [WARN] Not rewriting trap file for /Users/hamzamajidqureshi/Desktop/jpamb/java-db/trap/java/classes/java/lang/Comparable.members/Comparable.members#66.0-1717521438000-java.trap.gz as it exists
[2024-11-26 19:21:42] [javac-extractor-30370] [WARN] Not rewriting trap file for /Users/hamzamajidqureshi/Desktop/jpamb/java-db/trap/java/classes/java/lang/Enum$EnumDesc.members/Enum$EnumDesc.members#66.0-1717521438000-java.trap.gz as it exists
[2024-11-26 19:21:42] [javac-extractor-30370] [WARN] Not rewriting trap file for /Users/hamzamajidqureshi/Desktop/jpamb/java-db/trap/java/classes/java/lang/constant/DynamicConstantDesc.members/DynamicConstantDesc.members#66.0-1717521438000-java.trap.gz as it exists
[2024-11-26 19:21:42] [javac-extractor-30370] [WARN] Not rewriting trap file for /Users/hamzamajidqureshi/Desktop/jpamb/java-db/trap/java/classes/java/lang/constant/ConstantDesc.members/ConstantDesc.members#66.0-1717521438000-java.trap.gz as it exists
[2024-11-26 19:21:42] [javac-extractor-30370] [WARN] Not rewriting trap file for /Users/hamzamajidqureshi/Desktop/jpamb/java-db/trap/java/classes/java/lang/CloneNotSupportedException.members/CloneNotSupportedException.members#66.0-1717521438000-java.trap.gz as it exists
[2024-11-26 19:21:42] [javac-extractor-30370] Processing file /Users/hamzamajidqureshi/Desktop/jpamb/src/main/java/jpamb/utils/Case.java
[2024-11-26 19:21:42] [javac-extractor-30370] [WARN] Not rewriting trap file for /Users/hamzamajidqureshi/Desktop/jpamb/java-db/trap/java/classes/jpamb/utils/Case.members/Case.members#0.0-1730793036000-java.trap.gz as it exists
[2024-11-26 19:21:42] [javac-extractor-30370] [WARN] Not rewriting trap file for /Users/hamzamajidqureshi/Desktop/jpamb/java-db/trap/java/classes/java/lang/annotation/Annotation.members/Annotation.members#66.0-1717521438000-java.trap.gz as it exists
[2024-11-26 19:21:42] [javac-extractor-30370] [WARN] Not rewriting trap file for /Users/hamzamajidqureshi/Desktop/jpamb/java-db/trap/java/classes/java/lang/annotation/Repeatable.members/Repeatable.members#66.0-1717521438000-java.trap.gz as it exists
[2024-11-26 19:21:42] [javac-extractor-30370] [WARN] Not rewriting trap file for /Users/hamzamajidqureshi/Desktop/jpamb/java-db/trap/java/classes/java/lang/Class.members/Class.members#66.0-1717521438000-java.trap.gz as it exists
[2024-11-26 19:21:42] [javac-extractor-30370] [WARN] Not rewriting trap file for /Users/hamzamajidqureshi/Desktop/jpamb/java-db/trap/java/classes/java/lang/Object.members/Object.members#66.0-1717521438000-java.trap.gz as it exists
[2024-11-26 19:21:42] [javac-extractor-30370] [WARN] Not rewriting trap file for /Users/hamzamajidqureshi/Desktop/jpamb/java-db/trap/java/classes/java/io/Serializable.members/Serializable.members#66.0-1717521438000-java.trap.gz as it exists
[2024-11-26 19:21:42] [javac-extractor-30370] [WARN] Not rewriting trap file for /Users/hamzamajidqureshi/Desktop/jpamb/java-db/trap/java/classes/java/lang/reflect/GenericDeclaration.members/GenericDeclaration.members#66.0-1717521438000-java.trap.gz as it exists
[2024-11-26 19:21:42] [javac-extractor-30370] [WARN] Not rewriting trap file for /Users/hamzamajidqureshi/Desktop/jpamb/java-db/trap/java/classes/java/lang/reflect/Type.members/Type.members#66.0-1717521438000-java.trap.gz as it exists
[2024-11-26 19:21:42] [javac-extractor-30370] [WARN] Not rewriting trap file for /Users/hamzamajidqureshi/Desktop/jpamb/java-db/trap/java/classes/java/lang/reflect/AnnotatedElement.members/AnnotatedElement.members#66.0-1717521438000-java.trap.gz as it exists
[2024-11-26 19:21:42] [javac-extractor-30370] [WARN] Not rewriting trap file for /Users/hamzamajidqureshi/Desktop/jpamb/java-db/trap/java/classes/java/lang/invoke/TypeDescriptor$OfField.members/TypeDescriptor$OfField.members#66.0-1717521438000-java.trap.gz as it exists
[2024-11-26 19:21:42] [javac-extractor-30370] [WARN] Not rewriting trap file for /Users/hamzamajidqureshi/Desktop/jpamb/java-db/trap/java/classes/java/lang/invoke/TypeDescriptor.members/TypeDescriptor.members#66.0-1717521438000-java.trap.gz as it exists
[2024-11-26 19:21:42] [javac-extractor-30370] [WARN] Not rewriting trap file for /Users/hamzamajidqureshi/Desktop/jpamb/java-db/trap/java/classes/java/lang/constant/Constable.members/Constable.members#66.0-1717521438000-java.trap.gz as it exists
[2024-11-26 19:21:42] [javac-extractor-30370] [WARN] Not rewriting trap file for /Users/hamzamajidqureshi/Desktop/jpamb/java-db/trap/java/classes/jpamb/utils/Cases.members/Cases.members#0.0-1730793036000-java.trap.gz as it exists
[2024-11-26 19:21:42] [javac-extractor-30370] [WARN] Not rewriting trap file for /Users/hamzamajidqureshi/Desktop/jpamb/java-db/trap/java/classes/java/lang/annotation/Retention.members/Retention.members#66.0-1717521438000-java.trap.gz as it exists
[2024-11-26 19:21:42] [javac-extractor-30370] [WARN] Not rewriting trap file for /Users/hamzamajidqureshi/Desktop/jpamb/java-db/trap/java/classes/java/lang/annotation/RetentionPolicy.members/RetentionPolicy.members#66.0-1717521438000-java.trap.gz as it exists
[2024-11-26 19:21:42] [javac-extractor-30370] [WARN] Not rewriting trap file for /Users/hamzamajidqureshi/Desktop/jpamb/java-db/trap/java/classes/java/lang/annotation/Target.members/Target.members#66.0-1717521438000-java.trap.gz as it exists
[2024-11-26 19:21:42] [javac-extractor-30370] [WARN] Not rewriting trap file for /Users/hamzamajidqureshi/Desktop/jpamb/java-db/trap/java/classes/java/lang/annotation/ElementType.members/ElementType.members#66.0-1717521438000-java.trap.gz as it exists
[2024-11-26 19:21:42] [javac-extractor-30370] [WARN] Not rewriting trap file for /Users/hamzamajidqureshi/Desktop/jpamb/java-db/trap/java/classes/java/lang/Cloneable.members/Cloneable.members#66.0-1717521438000-java.trap.gz as it exists
[2024-11-26 19:21:42] [javac-extractor-30370] [WARN] Not rewriting trap file for /Users/hamzamajidqureshi/Desktop/jpamb/java-db/trap/java/classes/java/lang/String.members/String.members#66.0-1717521438000-java.trap.gz as it exists
[2024-11-26 19:21:42] [javac-extractor-30370] Processing file /Users/hamzamajidqureshi/Desktop/jpamb/src/main/java/jpamb/cases/Arrays.java
[2024-11-26 19:21:42] [javac-extractor-30370] [WARN] Not rewriting trap file for /Users/hamzamajidqureshi/Desktop/jpamb/java-db/trap/java/classes/jpamb/utils/Tag$TagType.members/Tag$TagType.members#0.0-1730793036000-java.trap.gz as it exists
[2024-11-26 19:21:42] [javac-extractor-30370] [WARN] Not rewriting trap file for /Users/hamzamajidqureshi/Desktop/jpamb/java-db/trap/java/classes/jpamb/cases/Arrays.members/Arrays.members#0.0-1730793036000-java.trap.gz as it exists
[2024-11-26 19:21:42] [javac-extractor-30370] [WARN] Not rewriting trap file for /Users/hamzamajidqureshi/Desktop/jpamb/java-db/trap/java/classes/java/lang/Object.members/Object.members#66.0-1717521438000-java.trap.gz as it exists
[2024-11-26 19:21:42] [javac-extractor-30370] [WARN] Not rewriting trap file for /Users/hamzamajidqureshi/Desktop/jpamb/java-db/trap/java/classes/jpamb/utils/Case.members/Case.members#0.0-1730793036000-java.trap.gz as it exists
[2024-11-26 19:21:42] [javac-extractor-30370] [WARN] Not rewriting trap file for /Users/hamzamajidqureshi/Desktop/jpamb/java-db/trap/java/classes/java/lang/String.members/String.members#66.0-1717521438000-java.trap.gz as it exists
[2024-11-26 19:21:42] [javac-extractor-30370] [WARN] Not rewriting trap file for /Users/hamzamajidqureshi/Desktop/jpamb/java-db/trap/java/classes/jpamb/utils/Tag.members/Tag.members#0.0-1730793036000-java.trap.gz as it exists
[2024-11-26 19:21:42] [javac-extractor-30370] [WARN] Not rewriting trap file for /Users/hamzamajidqureshi/Desktop/jpamb/java-db/trap/java/classes/java/lang/Cloneable.members/Cloneable.members#66.0-1717521438000-java.trap.gz as it exists
[2024-11-26 19:21:42] [javac-extractor-30370] [WARN] Not rewriting trap file for /Users/hamzamajidqureshi/Desktop/jpamb/java-db/trap/java/classes/java/io/Serializable.members/Serializable.members#66.0-1717521438000-java.trap.gz as it exists
[2024-11-26 19:21:42] [javac-extractor-30370] Processing file /Users/hamzamajidqureshi/Desktop/jpamb/src/main/java/jpamb/utils/Cases.java
[2024-11-26 19:21:42] [javac-extractor-30370] [WARN] Not rewriting trap file for /Users/hamzamajidqureshi/Desktop/jpamb/java-db/trap/java/classes/jpamb/utils/Cases.members/Cases.members#0.0-1730793036000-java.trap.gz as it exists
[2024-11-26 19:21:42] [javac-extractor-30370] [WARN] Not rewriting trap file for /Users/hamzamajidqureshi/Desktop/jpamb/java-db/trap/java/classes/java/lang/annotation/Annotation.members/Annotation.members#66.0-1717521438000-java.trap.gz as it exists
[2024-11-26 19:21:42] [javac-extractor-30370] [WARN] Not rewriting trap file for /Users/hamzamajidqureshi/Desktop/jpamb/java-db/trap/java/classes/java/lang/annotation/Retention.members/Retention.members#66.0-1717521438000-java.trap.gz as it exists
[2024-11-26 19:21:42] [javac-extractor-30370] [WARN] Not rewriting trap file for /Users/hamzamajidqureshi/Desktop/jpamb/java-db/trap/java/classes/java/lang/annotation/RetentionPolicy.members/RetentionPolicy.members#66.0-1717521438000-java.trap.gz as it exists
[2024-11-26 19:21:42] [javac-extractor-30370] [WARN] Not rewriting trap file for /Users/hamzamajidqureshi/Desktop/jpamb/java-db/trap/java/classes/java/lang/annotation/Target.members/Target.members#66.0-1717521438000-java.trap.gz as it exists
[2024-11-26 19:21:42] [javac-extractor-30370] [WARN] Not rewriting trap file for /Users/hamzamajidqureshi/Desktop/jpamb/java-db/trap/java/classes/java/lang/annotation/ElementType.members/ElementType.members#66.0-1717521438000-java.trap.gz as it exists
[2024-11-26 19:21:42] [javac-extractor-30370] [WARN] Not rewriting trap file for /Users/hamzamajidqureshi/Desktop/jpamb/java-db/trap/java/classes/java/lang/Object.members/Object.members#66.0-1717521438000-java.trap.gz as it exists
[2024-11-26 19:21:42] [javac-extractor-30370] [WARN] Not rewriting trap file for /Users/hamzamajidqureshi/Desktop/jpamb/java-db/trap/java/classes/java/lang/Cloneable.members/Cloneable.members#66.0-1717521438000-java.trap.gz as it exists
[2024-11-26 19:21:42] [javac-extractor-30370] [WARN] Not rewriting trap file for /Users/hamzamajidqureshi/Desktop/jpamb/java-db/trap/java/classes/java/io/Serializable.members/Serializable.members#66.0-1717521438000-java.trap.gz as it exists
[2024-11-26 19:21:42] [javac-extractor-30370] [WARN] Not rewriting trap file for /Users/hamzamajidqureshi/Desktop/jpamb/java-db/trap/java/classes/jpamb/utils/Case.members/Case.members#0.0-1730793036000-java.trap.gz as it exists
[2024-11-26 19:21:42] [javac-extractor-30370] Processing file /Users/hamzamajidqureshi/Desktop/jpamb/src/main/java/jpamb/cases/Calls.java
[2024-11-26 19:21:42] [javac-extractor-30370] [WARN] Not rewriting trap file for /Users/hamzamajidqureshi/Desktop/jpamb/java-db/trap/java/classes/jpamb/utils/Case.members/Case.members#0.0-1730793036000-java.trap.gz as it exists
[2024-11-26 19:21:42] [javac-extractor-30370] [WARN] Not rewriting trap file for /Users/hamzamajidqureshi/Desktop/jpamb/java-db/trap/java/classes/jpamb/utils/Tag.members/Tag.members#0.0-1730793036000-java.trap.gz as it exists
[2024-11-26 19:21:42] [javac-extractor-30370] [WARN] Not rewriting trap file for /Users/hamzamajidqureshi/Desktop/jpamb/java-db/trap/java/classes/jpamb/utils/Tag$TagType.members/Tag$TagType.members#0.0-1730793036000-java.trap.gz as it exists
[2024-11-26 19:21:42] [javac-extractor-30370] [WARN] Not rewriting trap file for /Users/hamzamajidqureshi/Desktop/jpamb/java-db/trap/java/classes/jpamb/cases/Calls.members/Calls.members#0.0-1730793036000-java.trap.gz as it exists
[2024-11-26 19:21:42] [javac-extractor-30370] [WARN] Not rewriting trap file for /Users/hamzamajidqureshi/Desktop/jpamb/java-db/trap/java/classes/java/lang/Object.members/Object.members#66.0-1717521438000-java.trap.gz as it exists
[2024-11-26 19:21:42] [javac-extractor-30370] [WARN] Not rewriting trap file for /Users/hamzamajidqureshi/Desktop/jpamb/java-db/trap/java/classes/java/lang/String.members/String.members#66.0-1717521438000-java.trap.gz as it exists
[2024-11-26 19:21:42] [javac-extractor-30370] [WARN] Not rewriting trap file for /Users/hamzamajidqureshi/Desktop/jpamb/java-db/trap/java/classes/java/lang/Cloneable.members/Cloneable.members#66.0-1717521438000-java.trap.gz as it exists
[2024-11-26 19:21:42] [javac-extractor-30370] [WARN] Not rewriting trap file for /Users/hamzamajidqureshi/Desktop/jpamb/java-db/trap/java/classes/java/io/Serializable.members/Serializable.members#66.0-1717521438000-java.trap.gz as it exists
[2024-11-26 19:21:42] [javac-extractor-30370] Processing file /Users/hamzamajidqureshi/Desktop/jpamb/src/main/java/jpamb/utils/InputParser.java
[2024-11-26 19:21:42] [javac-extractor-30370] [WARN] Not rewriting trap file for /Users/hamzamajidqureshi/Desktop/jpamb/java-db/trap/java/classes/java/util/ArrayList.members/ArrayList.members#66.0-1717521438000-java.trap.gz as it exists
[2024-11-26 19:21:42] [javac-extractor-30370] [WARN] Not rewriting trap file for /Users/hamzamajidqureshi/Desktop/jpamb/java-db/trap/java/classes/java/util/regex/Matcher.members/Matcher.members#66.0-1717521438000-java.trap.gz as it exists
[2024-11-26 19:21:42] [javac-extractor-30370] [WARN] Not rewriting trap file for /Users/hamzamajidqureshi/Desktop/jpamb/java-db/trap/java/classes/java/util/regex/Pattern.members/Pattern.members#66.0-1717521438000-java.trap.gz as it exists
[2024-11-26 19:21:42] [javac-extractor-30370] [WARN] Not rewriting trap file for /Users/hamzamajidqureshi/Desktop/jpamb/java-db/trap/java/classes/jpamb/utils/InputParser.members/InputParser.members#0.0-1730793036000-java.trap.gz as it exists
[2024-11-26 19:21:42] [javac-extractor-30370] [WARN] Not rewriting trap file for /Users/hamzamajidqureshi/Desktop/jpamb/java-db/trap/java/classes/java/lang/Object.members/Object.members#66.0-1717521438000-java.trap.gz as it exists
[2024-11-26 19:21:42] [javac-extractor-30370] [WARN] Not rewriting trap file for /Users/hamzamajidqureshi/Desktop/jpamb/java-db/trap/java/classes/java/lang/Cloneable.members/Cloneable.members#66.0-1717521438000-java.trap.gz as it exists
[2024-11-26 19:21:42] [javac-extractor-30370] [WARN] Not rewriting trap file for /Users/hamzamajidqureshi/Desktop/jpamb/java-db/trap/java/classes/java/io/Serializable.members/Serializable.members#66.0-1717521438000-java.trap.gz as it exists
[2024-11-26 19:21:42] [javac-extractor-30370] [WARN] Not rewriting trap file for /Users/hamzamajidqureshi/Desktop/jpamb/java-db/trap/java/classes/java/lang/String.members/String.members#66.0-1717521438000-java.trap.gz as it exists
[2024-11-26 19:21:42] [javac-extractor-30370] [WARN] Not rewriting trap file for /Users/hamzamajidqureshi/Desktop/jpamb/java-db/trap/java/classes/java/lang/RuntimeException.members/RuntimeException.members#66.0-1717521438000-java.trap.gz as it exists
[2024-11-26 19:21:42] [javac-extractor-30370] [WARN] Not rewriting trap file for /Users/hamzamajidqureshi/Desktop/jpamb/java-db/trap/java/classes/java/lang/Integer.members/Integer.members#66.0-1717521438000-java.trap.gz as it exists
[2024-11-26 19:21:42] [javac-extractor-30370] [WARN] Not rewriting trap file for /Users/hamzamajidqureshi/Desktop/jpamb/java-db/trap/java/classes/java/util/AbstractList.members/AbstractList.members#66.0-1717521438000-java.trap.gz as it exists
[2024-11-26 19:21:42] [javac-extractor-30370] [WARN] Not rewriting trap file for /Users/hamzamajidqureshi/Desktop/jpamb/java-db/trap/java/classes/java/util/AbstractCollection.members/AbstractCollection.members#66.0-1717521438000-java.trap.gz as it exists
[2024-11-26 19:21:42] [javac-extractor-30370] [WARN] Not rewriting trap file for /Users/hamzamajidqureshi/Desktop/jpamb/java-db/trap/java/classes/java/util/Collection.members/Collection.members#66.0-1717521438000-java.trap.gz as it exists
[2024-11-26 19:21:42] [javac-extractor-30370] [WARN] Not rewriting trap file for /Users/hamzamajidqureshi/Desktop/jpamb/java-db/trap/java/classes/java/lang/Iterable.members/Iterable.members#66.0-1717521438000-java.trap.gz as it exists
[2024-11-26 19:21:42] [javac-extractor-30370] [WARN] Not rewriting trap file for /Users/hamzamajidqureshi/Desktop/jpamb/java-db/trap/java/classes/java/util/List.members/List.members#66.0-1717521438000-java.trap.gz as it exists
[2024-11-26 19:21:42] [javac-extractor-30370] [WARN] Not rewriting trap file for /Users/hamzamajidqureshi/Desktop/jpamb/java-db/trap/java/classes/java/util/SequencedCollection.members/SequencedCollection.members#66.0-1717521438000-java.trap.gz as it exists
[2024-11-26 19:21:42] [javac-extractor-30370] [WARN] Not rewriting trap file for /Users/hamzamajidqureshi/Desktop/jpamb/java-db/trap/java/classes/java/util/RandomAccess.members/RandomAccess.members#66.0-1717521438000-java.trap.gz as it exists
[2024-11-26 19:21:42] [javac-extractor-30370] [WARN] Not rewriting trap file for /Users/hamzamajidqureshi/Desktop/jpamb/java-db/trap/java/classes/java/util/Spliterator.members/Spliterator.members#66.0-1717521438000-java.trap.gz as it exists
[2024-11-26 19:21:42] [javac-extractor-30370] [WARN] Not rewriting trap file for /Users/hamzamajidqureshi/Desktop/jpamb/java-db/trap/java/classes/java/util/function/Consumer.members/Consumer.members#66.0-1717521438000-java.trap.gz as it exists
[2024-11-26 19:21:42] [javac-extractor-30370] [WARN] Not rewriting trap file for /Users/hamzamajidqureshi/Desktop/jpamb/java-db/trap/java/classes/java/lang/FunctionalInterface.members/FunctionalInterface.members#66.0-1717521438000-java.trap.gz as it exists
[2024-11-26 19:21:42] [javac-extractor-30370] [WARN] Not rewriting trap file for /Users/hamzamajidqureshi/Desktop/jpamb/java-db/trap/java/classes/java/util/Iterator.members/Iterator.members#66.0-1717521438000-java.trap.gz as it exists
[2024-11-26 19:21:42] [javac-extractor-30370] [WARN] Not rewriting trap file for /Users/hamzamajidqureshi/Desktop/jpamb/java-db/trap/java/classes/java/util/stream/Stream.members/Stream.members#66.0-1717521438000-java.trap.gz as it exists
[2024-11-26 19:21:42] [javac-extractor-30370] [WARN] Not rewriting trap file for /Users/hamzamajidqureshi/Desktop/jpamb/java-db/trap/java/classes/java/util/stream/BaseStream.members/BaseStream.members#66.0-1717521438000-java.trap.gz as it exists
[2024-11-26 19:21:42] [javac-extractor-30370] [WARN] Not rewriting trap file for /Users/hamzamajidqureshi/Desktop/jpamb/java-db/trap/java/classes/java/lang/AutoCloseable.members/AutoCloseable.members#66.0-1717521438000-java.trap.gz as it exists
[2024-11-26 19:21:42] [javac-extractor-30370] [WARN] Not rewriting trap file for /Users/hamzamajidqureshi/Desktop/jpamb/java-db/trap/java/classes/java/util/function/Predicate.members/Predicate.members#66.0-1717521438000-java.trap.gz as it exists
[2024-11-26 19:21:42] [javac-extractor-30370] [WARN] Not rewriting trap file for /Users/hamzamajidqureshi/Desktop/jpamb/java-db/trap/java/classes/java/util/function/IntFunction.members/IntFunction.members#66.0-1717521438000-java.trap.gz as it exists
[2024-11-26 19:21:42] [javac-extractor-30370] [WARN] Not rewriting trap file for /Users/hamzamajidqureshi/Desktop/jpamb/java-db/trap/java/classes/java/util/ListIterator.members/ListIterator.members#66.0-1717521438000-java.trap.gz as it exists
[2024-11-26 19:21:42] [javac-extractor-30370] [WARN] Not rewriting trap file for /Users/hamzamajidqureshi/Desktop/jpamb/java-db/trap/java/classes/java/util/Comparator.members/Comparator.members#66.0-1717521438000-java.trap.gz as it exists
[2024-11-26 19:21:42] [javac-extractor-30370] [WARN] Not rewriting trap file for /Users/hamzamajidqureshi/Desktop/jpamb/java-db/trap/java/classes/java/util/function/UnaryOperator.members/UnaryOperator.members#66.0-1717521438000-java.trap.gz as it exists
[2024-11-26 19:21:42] [javac-extractor-30370] [WARN] Not rewriting trap file for /Users/hamzamajidqureshi/Desktop/jpamb/java-db/trap/java/classes/java/util/function/Function.members/Function.members#66.0-1717521438000-java.trap.gz as it exists
[2024-11-26 19:21:42] [javac-extractor-30370] [WARN] Not rewriting trap file for /Users/hamzamajidqureshi/Desktop/jpamb/java-db/trap/java/classes/java/lang/Character.members/Character.members#66.0-1717521438000-java.trap.gz as it exists
[2024-11-26 19:21:42] [javac-extractor-30370] [WARN] Not rewriting trap file for /Users/hamzamajidqureshi/Desktop/jpamb/java-db/trap/java/classes/java/io/Closeable.members/Closeable.members#66.0-1717521438000-java.trap.gz as it exists
[2024-11-26 19:21:42] [javac-extractor-30370] [WARN] Not rewriting trap file for /Users/hamzamajidqureshi/Desktop/jpamb/java-db/trap/java/classes/java/util/regex/MatchResult.members/MatchResult.members#66.0-1717521438000-java.trap.gz as it exists
[2024-11-26 19:21:42] [javac-extractor-30370] [WARN] Not rewriting trap file for /Users/hamzamajidqureshi/Desktop/jpamb/java-db/trap/java/classes/java/math/BigInteger.members/BigInteger.members#66.0-1717521438000-java.trap.gz as it exists
[2024-11-26 19:21:42] [javac-extractor-30370] [WARN] Not rewriting trap file for /Users/hamzamajidqureshi/Desktop/jpamb/java-db/trap/java/classes/java/util/Locale.members/Locale.members#66.0-1717521438000-java.trap.gz as it exists
[2024-11-26 19:21:42] [javac-extractor-30370] [WARN] Not rewriting trap file for /Users/hamzamajidqureshi/Desktop/jpamb/java-db/trap/java/classes/java/io/IOException.members/IOException.members#66.0-1717521438000-java.trap.gz as it exists
[2024-11-26 19:21:42] [javac-extractor-30370] [WARN] Not rewriting trap file for /Users/hamzamajidqureshi/Desktop/jpamb/java-db/trap/java/classes/java/nio/channels/ReadableByteChannel.members/ReadableByteChannel.members#66.0-1717521438000-java.trap.gz as it exists
[2024-11-26 19:21:42] [javac-extractor-30370] [WARN] Not rewriting trap file for /Users/hamzamajidqureshi/Desktop/jpamb/java-db/trap/java/classes/java/nio/charset/Charset.members/Charset.members#66.0-1717521438000-java.trap.gz as it exists
[2024-11-26 19:21:42] [javac-extractor-30370] [WARN] Not rewriting trap file for /Users/hamzamajidqureshi/Desktop/jpamb/java-db/trap/java/classes/java/nio/file/Path.members/Path.members#66.0-1717521438000-java.trap.gz as it exists
[2024-11-26 19:21:42] [javac-extractor-30370] [WARN] Not rewriting trap file for /Users/hamzamajidqureshi/Desktop/jpamb/java-db/trap/java/classes/java/io/File.members/File.members#66.0-1717521438000-java.trap.gz as it exists
[2024-11-26 19:21:42] [javac-extractor-30370] [WARN] Not rewriting trap file for /Users/hamzamajidqureshi/Desktop/jpamb/java-db/trap/java/classes/java/io/FileNotFoundException.members/FileNotFoundException.members#66.0-1717521438000-java.trap.gz as it exists
[2024-11-26 19:21:42] [javac-extractor-30370] [WARN] Not rewriting trap file for /Users/hamzamajidqureshi/Desktop/jpamb/java-db/trap/java/classes/java/io/InputStream.members/InputStream.members#66.0-1717521438000-java.trap.gz as it exists
[2024-11-26 19:21:42] [javac-extractor-30370] [WARN] Not rewriting trap file for /Users/hamzamajidqureshi/Desktop/jpamb/java-db/trap/java/classes/java/lang/Readable.members/Readable.members#66.0-1717521438000-java.trap.gz as it exists
[2024-11-26 19:21:42] [javac-extractor-30370] [WARN] Not rewriting trap file for /Users/hamzamajidqureshi/Desktop/jpamb/java-db/trap/java/classes/java/lang/Number.members/Number.members#66.0-1717521438000-java.trap.gz as it exists
[2024-11-26 19:21:42] [javac-extractor-30370] [WARN] Not rewriting trap file for /Users/hamzamajidqureshi/Desktop/jpamb/java-db/trap/java/classes/java/lang/Comparable.members/Comparable.members#66.0-1717521438000-java.trap.gz as it exists
[2024-11-26 19:21:42] [javac-extractor-30370] [WARN] Not rewriting trap file for /Users/hamzamajidqureshi/Desktop/jpamb/java-db/trap/java/classes/java/lang/Deprecated.members/Deprecated.members#66.0-1717521438000-java.trap.gz as it exists
[2024-11-26 19:21:42] [javac-extractor-30370] [WARN] Not rewriting trap file for /Users/hamzamajidqureshi/Desktop/jpamb/java-db/trap/java/classes/java/lang/Enum.members/Enum.members#66.0-1717521438000-java.trap.gz as it exists
[2024-11-26 19:21:42] [javac-extractor-30370] [WARN] Not rewriting trap file for /Users/hamzamajidqureshi/Desktop/jpamb/java-db/trap/java/classes/java/lang/constant/Constable.members/Constable.members#66.0-1717521438000-java.trap.gz as it exists
[2024-11-26 19:21:42] [javac-extractor-30370] [WARN] Not rewriting trap file for /Users/hamzamajidqureshi/Desktop/jpamb/java-db/trap/java/classes/java/lang/Class.members/Class.members#66.0-1717521438000-java.trap.gz as it exists
[2024-11-26 19:21:42] [javac-extractor-30370] [WARN] Not rewriting trap file for /Users/hamzamajidqureshi/Desktop/jpamb/java-db/trap/java/classes/java/lang/reflect/GenericDeclaration.members/GenericDeclaration.members#66.0-1717521438000-java.trap.gz as it exists
[2024-11-26 19:21:42] [javac-extractor-30370] [WARN] Not rewriting trap file for /Users/hamzamajidqureshi/Desktop/jpamb/java-db/trap/java/classes/java/lang/reflect/Type.members/Type.members#66.0-1717521438000-java.trap.gz as it exists
[2024-11-26 19:21:42] [javac-extractor-30370] [WARN] Not rewriting trap file for /Users/hamzamajidqureshi/Desktop/jpamb/java-db/trap/java/classes/java/lang/reflect/AnnotatedElement.members/AnnotatedElement.members#66.0-1717521438000-java.trap.gz as it exists
[2024-11-26 19:21:42] [javac-extractor-30370] [WARN] Not rewriting trap file for /Users/hamzamajidqureshi/Desktop/jpamb/java-db/trap/java/classes/java/lang/invoke/TypeDescriptor$OfField.members/TypeDescriptor$OfField.members#66.0-1717521438000-java.trap.gz as it exists
[2024-11-26 19:21:42] [javac-extractor-30370] [WARN] Not rewriting trap file for /Users/hamzamajidqureshi/Desktop/jpamb/java-db/trap/java/classes/java/lang/invoke/TypeDescriptor.members/TypeDescriptor.members#66.0-1717521438000-java.trap.gz as it exists
[2024-11-26 19:21:42] [javac-extractor-30370] [WARN] Not rewriting trap file for /Users/hamzamajidqureshi/Desktop/jpamb/java-db/trap/java/classes/java/util/Optional.members/Optional.members#66.0-1717521438000-java.trap.gz as it exists
[2024-11-26 19:21:42] [javac-extractor-30370] [WARN] Not rewriting trap file for /Users/hamzamajidqureshi/Desktop/jpamb/java-db/trap/java/classes/jdk/internal/ValueBased.members/ValueBased.members#66.0-1717521438000-java.trap.gz as it exists
[2024-11-26 19:21:42] [javac-extractor-30370] [WARN] Not rewriting trap file for /Users/hamzamajidqureshi/Desktop/jpamb/java-db/trap/java/classes/java/lang/Enum$EnumDesc.members/Enum$EnumDesc.members#66.0-1717521438000-java.trap.gz as it exists
[2024-11-26 19:21:42] [javac-extractor-30370] [WARN] Not rewriting trap file for /Users/hamzamajidqureshi/Desktop/jpamb/java-db/trap/java/classes/java/lang/constant/DynamicConstantDesc.members/DynamicConstantDesc.members#66.0-1717521438000-java.trap.gz as it exists
[2024-11-26 19:21:42] [javac-extractor-30370] [WARN] Not rewriting trap file for /Users/hamzamajidqureshi/Desktop/jpamb/java-db/trap/java/classes/java/lang/constant/ConstantDesc.members/ConstantDesc.members#66.0-1717521438000-java.trap.gz as it exists
[2024-11-26 19:21:42] [javac-extractor-30370] [WARN] Not rewriting trap file for /Users/hamzamajidqureshi/Desktop/jpamb/java-db/trap/java/classes/java/lang/CloneNotSupportedException.members/CloneNotSupportedException.members#66.0-1717521438000-java.trap.gz as it exists
[2024-11-26 19:21:42] [javac-extractor-30370] Processing file /Users/hamzamajidqureshi/Desktop/jpamb/src/main/java/jpamb/cases/Loops.java
[2024-11-26 19:21:42] [javac-extractor-30370] [WARN] Not rewriting trap file for /Users/hamzamajidqureshi/Desktop/jpamb/java-db/trap/java/classes/jpamb/utils/Tag$TagType.members/Tag$TagType.members#0.0-1730793036000-java.trap.gz as it exists
[2024-11-26 19:21:42] [javac-extractor-30370] [WARN] Not rewriting trap file for /Users/hamzamajidqureshi/Desktop/jpamb/java-db/trap/java/classes/jpamb/cases/Loops.members/Loops.members#0.0-1730793036000-java.trap.gz as it exists
[2024-11-26 19:21:42] [javac-extractor-30370] [WARN] Not rewriting trap file for /Users/hamzamajidqureshi/Desktop/jpamb/java-db/trap/java/classes/java/lang/Object.members/Object.members#66.0-1717521438000-java.trap.gz as it exists
[2024-11-26 19:21:42] [javac-extractor-30370] [WARN] Not rewriting trap file for /Users/hamzamajidqureshi/Desktop/jpamb/java-db/trap/java/classes/jpamb/utils/Case.members/Case.members#0.0-1730793036000-java.trap.gz as it exists
[2024-11-26 19:21:42] [javac-extractor-30370] [WARN] Not rewriting trap file for /Users/hamzamajidqureshi/Desktop/jpamb/java-db/trap/java/classes/java/lang/String.members/String.members#66.0-1717521438000-java.trap.gz as it exists
[2024-11-26 19:21:42] [javac-extractor-30370] [WARN] Not rewriting trap file for /Users/hamzamajidqureshi/Desktop/jpamb/java-db/trap/java/classes/jpamb/utils/Tag.members/Tag.members#0.0-1730793036000-java.trap.gz as it exists
[2024-11-26 19:21:42] [javac-extractor-30370] [WARN] Not rewriting trap file for /Users/hamzamajidqureshi/Desktop/jpamb/java-db/trap/java/classes/java/lang/Cloneable.members/Cloneable.members#66.0-1717521438000-java.trap.gz as it exists
[2024-11-26 19:21:42] [javac-extractor-30370] [WARN] Not rewriting trap file for /Users/hamzamajidqureshi/Desktop/jpamb/java-db/trap/java/classes/java/io/Serializable.members/Serializable.members#66.0-1717521438000-java.trap.gz as it exists
[2024-11-26 19:21:42] [javac-extractor-30370] Javac init time: 0.6s
[2024-11-26 19:21:42] [javac-extractor-30370] Javac attr time: 0.1s
[2024-11-26 19:21:42] [javac-extractor-30370] Extractor time: 1.7s
[2024-11-26 19:21:42] [javac-extractor-30370] Other time: 0.1s
[2024-11-26 19:21:42] [javac-extractor-30370] Total time: 2.6s
